[2020-12-19T13:32:40.028] [ERROR] application - UnauthorizedError: Authentication Error
    at Object.throw (C:\项目\开源库管理\RT-IM-demo\node_modules\koa\lib\context.js:97:11)
    at jwt (C:\项目\开源库管理\RT-IM-demo\node_modules\koa-jwt\lib\index.js:23:22)
    at C:\项目\开源库管理\RT-IM-demo\node_modules\koa-unless\index.js:29:12
    at dispatch (C:\项目\开源库管理\RT-IM-demo\node_modules\koa-compose\index.js:42:32)
    at bodyParser (C:\项目\开源库管理\RT-IM-demo\node_modules\koa-bodyparser\index.js:95:11)
    at processTicksAndRejections (internal/process/task_queues.js:93:5)
    at C:\项目\开源库管理\RT-IM-demo\server\exception\index.ts:15:5 {
  message: 'Authentication Error'
}
[2020-12-19T13:34:13.213] [ERROR] application - Error: user validation failed: gender: Path `gender` is invalid (男).
    at ValidationError.inspect (C:\项目\开源库管理\RT-IM-demo\node_modules\mongoose\lib\error\validation.js:47:26)
    at formatValue (internal/util/inspect.js:563:31)
    at inspect (internal/util/inspect.js:221:10)
    at formatWithOptions (internal/util/inspect.js:1693:40)
    at Object.format (internal/util/inspect.js:1543:10)
    at basicLayout (C:\项目\开源库管理\RT-IM-demo\node_modules\log4js\lib\layouts.js:69:12)
    at app (C:\项目\开源库管理\RT-IM-demo\node_modules\log4js\lib\appenders\dateFile.js:30:19)
    at C:\项目\开源库管理\RT-IM-demo\node_modules\log4js\lib\log4js.js:42:5
    at Array.forEach (<anonymous>)
    at sendLogEventToAppender (C:\项目\开源库管理\RT-IM-demo\node_modules\log4js\lib\log4js.js:41:21)
    at C:\项目\开源库管理\RT-IM-demo\node_modules\log4js\lib\clustering.js:16:26
    at Array.forEach (<anonymous>)
    at sendToListeners (C:\项目\开源库管理\RT-IM-demo\node_modules\log4js\lib\clustering.js:16:13)
    at Object.send (C:\项目\开源库管理\RT-IM-demo\node_modules\log4js\lib\clustering.js:78:7)
    at Logger._log (C:\项目\开源库管理\RT-IM-demo\node_modules\log4js\lib\logger.js:56:16)
    at Logger.log (C:\项目\开源库管理\RT-IM-demo\node_modules\log4js\lib\logger.js:45:12) {
  errors: {
    gender: ValidatorError: Path `gender` is invalid (男).
        at validate (C:\项目\开源库管理\RT-IM-demo\node_modules\mongoose\lib\schematype.js:1257:13)
        at C:\项目\开源库管理\RT-IM-demo\node_modules\mongoose\lib\schematype.js:1240:7
        at Array.forEach (<anonymous>)
        at SchemaString.SchemaType.doValidate (C:\项目\开源库管理\RT-IM-demo\node_modules\mongoose\lib\schematype.js:1185:14)
        at C:\项目\开源库管理\RT-IM-demo\node_modules\mongoose\lib\document.js:2501:18
        at processTicksAndRejections (internal/process/task_queues.js:75:11) {
      properties: [Object],
      kind: 'regexp',
      path: 'gender',
      value: '男',
      reason: undefined,
      [Symbol(mongoose:validatorError)]: true
    }
  },
  _message: 'user validation failed'
}
[2020-12-19T13:34:52.572] [ERROR] application - Error: user validation failed: gender: Path `gender` is invalid (男).
    at ValidationError.inspect (C:\项目\开源库管理\RT-IM-demo\node_modules\mongoose\lib\error\validation.js:47:26)
    at formatValue (internal/util/inspect.js:563:31)
    at inspect (internal/util/inspect.js:221:10)
    at formatWithOptions (internal/util/inspect.js:1693:40)
    at Object.format (internal/util/inspect.js:1543:10)
    at basicLayout (C:\项目\开源库管理\RT-IM-demo\node_modules\log4js\lib\layouts.js:69:12)
    at app (C:\项目\开源库管理\RT-IM-demo\node_modules\log4js\lib\appenders\dateFile.js:30:19)
    at C:\项目\开源库管理\RT-IM-demo\node_modules\log4js\lib\log4js.js:42:5
    at Array.forEach (<anonymous>)
    at sendLogEventToAppender (C:\项目\开源库管理\RT-IM-demo\node_modules\log4js\lib\log4js.js:41:21)
    at C:\项目\开源库管理\RT-IM-demo\node_modules\log4js\lib\clustering.js:16:26
    at Array.forEach (<anonymous>)
    at sendToListeners (C:\项目\开源库管理\RT-IM-demo\node_modules\log4js\lib\clustering.js:16:13)
    at Object.send (C:\项目\开源库管理\RT-IM-demo\node_modules\log4js\lib\clustering.js:78:7)
    at Logger._log (C:\项目\开源库管理\RT-IM-demo\node_modules\log4js\lib\logger.js:56:16)
    at Logger.log (C:\项目\开源库管理\RT-IM-demo\node_modules\log4js\lib\logger.js:45:12) {
  errors: {
    gender: ValidatorError: Path `gender` is invalid (男).
        at validate (C:\项目\开源库管理\RT-IM-demo\node_modules\mongoose\lib\schematype.js:1257:13)
        at C:\项目\开源库管理\RT-IM-demo\node_modules\mongoose\lib\schematype.js:1240:7
        at Array.forEach (<anonymous>)
        at SchemaString.SchemaType.doValidate (C:\项目\开源库管理\RT-IM-demo\node_modules\mongoose\lib\schematype.js:1185:14)
        at C:\项目\开源库管理\RT-IM-demo\node_modules\mongoose\lib\document.js:2501:18
        at processTicksAndRejections (internal/process/task_queues.js:75:11) {
      properties: [Object],
      kind: 'regexp',
      path: 'gender',
      value: '男',
      reason: undefined,
      [Symbol(mongoose:validatorError)]: true
    }
  },
  _message: 'user validation failed'
}
[2020-12-19T13:50:41.797] [ERROR] application - ForbiddenError: 该用户已存在
    at Object.throw (C:\项目\开源库管理\RT-IM-demo\node_modules\koa\lib\context.js:97:11)
    at C:\项目\开源库管理\RT-IM-demo\server\routes\user.ts:21:32
    at processTicksAndRejections (internal/process/task_queues.js:93:5)
    at bodyParser (C:\项目\开源库管理\RT-IM-demo\node_modules\koa-bodyparser\index.js:95:5)
    at C:\项目\开源库管理\RT-IM-demo\server\exception\index.ts:15:5 {
  message: '该用户已存在'
}
[2020-12-19T13:51:26.028] [ERROR] application - Error: user validation failed: gender: Path `gender` is required., avatar: Path `avatar` is required., password: Path `password` is required.
    at ValidationError.inspect (C:\项目\开源库管理\RT-IM-demo\node_modules\mongoose\lib\error\validation.js:47:26)
    at formatValue (internal/util/inspect.js:563:31)
    at inspect (internal/util/inspect.js:221:10)
    at formatWithOptions (internal/util/inspect.js:1693:40)
    at Object.format (internal/util/inspect.js:1543:10)
    at basicLayout (C:\项目\开源库管理\RT-IM-demo\node_modules\log4js\lib\layouts.js:69:12)
    at app (C:\项目\开源库管理\RT-IM-demo\node_modules\log4js\lib\appenders\dateFile.js:30:19)
    at C:\项目\开源库管理\RT-IM-demo\node_modules\log4js\lib\log4js.js:42:5
    at Array.forEach (<anonymous>)
    at sendLogEventToAppender (C:\项目\开源库管理\RT-IM-demo\node_modules\log4js\lib\log4js.js:41:21)
    at C:\项目\开源库管理\RT-IM-demo\node_modules\log4js\lib\clustering.js:16:26
    at Array.forEach (<anonymous>)
    at sendToListeners (C:\项目\开源库管理\RT-IM-demo\node_modules\log4js\lib\clustering.js:16:13)
    at Object.send (C:\项目\开源库管理\RT-IM-demo\node_modules\log4js\lib\clustering.js:78:7)
    at Logger._log (C:\项目\开源库管理\RT-IM-demo\node_modules\log4js\lib\logger.js:56:16)
    at Logger.log (C:\项目\开源库管理\RT-IM-demo\node_modules\log4js\lib\logger.js:45:12) {
  errors: {
    gender: ValidatorError: Path `gender` is required.
        at validate (C:\项目\开源库管理\RT-IM-demo\node_modules\mongoose\lib\schematype.js:1257:13)
        at C:\项目\开源库管理\RT-IM-demo\node_modules\mongoose\lib\schematype.js:1240:7
        at Array.forEach (<anonymous>)
        at SchemaString.SchemaType.doValidate (C:\项目\开源库管理\RT-IM-demo\node_modules\mongoose\lib\schematype.js:1185:14)
        at C:\项目\开源库管理\RT-IM-demo\node_modules\mongoose\lib\document.js:2501:18
        at processTicksAndRejections (internal/process/task_queues.js:75:11) {
      properties: [Object],
      kind: 'required',
      path: 'gender',
      value: undefined,
      reason: undefined,
      [Symbol(mongoose:validatorError)]: true
    },
    avatar: ValidatorError: Path `avatar` is required.
        at validate (C:\项目\开源库管理\RT-IM-demo\node_modules\mongoose\lib\schematype.js:1257:13)
        at C:\项目\开源库管理\RT-IM-demo\node_modules\mongoose\lib\schematype.js:1240:7
        at Array.forEach (<anonymous>)
        at SchemaString.SchemaType.doValidate (C:\项目\开源库管理\RT-IM-demo\node_modules\mongoose\lib\schematype.js:1185:14)
        at C:\项目\开源库管理\RT-IM-demo\node_modules\mongoose\lib\document.js:2501:18
        at processTicksAndRejections (internal/process/task_queues.js:75:11) {
      properties: [Object],
      kind: 'required',
      path: 'avatar',
      value: undefined,
      reason: undefined,
      [Symbol(mongoose:validatorError)]: true
    },
    password: ValidatorError: Path `password` is required.
        at validate (C:\项目\开源库管理\RT-IM-demo\node_modules\mongoose\lib\schematype.js:1257:13)
        at C:\项目\开源库管理\RT-IM-demo\node_modules\mongoose\lib\schematype.js:1240:7
        at Array.forEach (<anonymous>)
        at SchemaString.SchemaType.doValidate (C:\项目\开源库管理\RT-IM-demo\node_modules\mongoose\lib\schematype.js:1185:14)
        at C:\项目\开源库管理\RT-IM-demo\node_modules\mongoose\lib\document.js:2501:18
        at processTicksAndRejections (internal/process/task_queues.js:75:11) {
      properties: [Object],
      kind: 'required',
      path: 'password',
      value: null,
      reason: undefined,
      [Symbol(mongoose:validatorError)]: true
    }
  },
  _message: 'user validation failed'
}
[2020-12-19T13:51:58.146] [ERROR] application - Error: user validation failed: gender: Path `gender` is required., avatar: Path `avatar` is required., password: Path `password` is required.
    at ValidationError.inspect (C:\项目\开源库管理\RT-IM-demo\node_modules\mongoose\lib\error\validation.js:47:26)
    at formatValue (internal/util/inspect.js:563:31)
    at inspect (internal/util/inspect.js:221:10)
    at formatWithOptions (internal/util/inspect.js:1693:40)
    at Object.format (internal/util/inspect.js:1543:10)
    at basicLayout (C:\项目\开源库管理\RT-IM-demo\node_modules\log4js\lib\layouts.js:69:12)
    at app (C:\项目\开源库管理\RT-IM-demo\node_modules\log4js\lib\appenders\dateFile.js:30:19)
    at C:\项目\开源库管理\RT-IM-demo\node_modules\log4js\lib\log4js.js:42:5
    at Array.forEach (<anonymous>)
    at sendLogEventToAppender (C:\项目\开源库管理\RT-IM-demo\node_modules\log4js\lib\log4js.js:41:21)
    at C:\项目\开源库管理\RT-IM-demo\node_modules\log4js\lib\clustering.js:16:26
    at Array.forEach (<anonymous>)
    at sendToListeners (C:\项目\开源库管理\RT-IM-demo\node_modules\log4js\lib\clustering.js:16:13)
    at Object.send (C:\项目\开源库管理\RT-IM-demo\node_modules\log4js\lib\clustering.js:78:7)
    at Logger._log (C:\项目\开源库管理\RT-IM-demo\node_modules\log4js\lib\logger.js:56:16)
    at Logger.log (C:\项目\开源库管理\RT-IM-demo\node_modules\log4js\lib\logger.js:45:12) {
  errors: {
    gender: ValidatorError: Path `gender` is required.
        at validate (C:\项目\开源库管理\RT-IM-demo\node_modules\mongoose\lib\schematype.js:1257:13)
        at C:\项目\开源库管理\RT-IM-demo\node_modules\mongoose\lib\schematype.js:1240:7
        at Array.forEach (<anonymous>)
        at SchemaString.SchemaType.doValidate (C:\项目\开源库管理\RT-IM-demo\node_modules\mongoose\lib\schematype.js:1185:14)
        at C:\项目\开源库管理\RT-IM-demo\node_modules\mongoose\lib\document.js:2501:18
        at processTicksAndRejections (internal/process/task_queues.js:75:11) {
      properties: [Object],
      kind: 'required',
      path: 'gender',
      value: undefined,
      reason: undefined,
      [Symbol(mongoose:validatorError)]: true
    },
    avatar: ValidatorError: Path `avatar` is required.
        at validate (C:\项目\开源库管理\RT-IM-demo\node_modules\mongoose\lib\schematype.js:1257:13)
        at C:\项目\开源库管理\RT-IM-demo\node_modules\mongoose\lib\schematype.js:1240:7
        at Array.forEach (<anonymous>)
        at SchemaString.SchemaType.doValidate (C:\项目\开源库管理\RT-IM-demo\node_modules\mongoose\lib\schematype.js:1185:14)
        at C:\项目\开源库管理\RT-IM-demo\node_modules\mongoose\lib\document.js:2501:18
        at processTicksAndRejections (internal/process/task_queues.js:75:11) {
      properties: [Object],
      kind: 'required',
      path: 'avatar',
      value: undefined,
      reason: undefined,
      [Symbol(mongoose:validatorError)]: true
    },
    password: ValidatorError: Path `password` is required.
        at validate (C:\项目\开源库管理\RT-IM-demo\node_modules\mongoose\lib\schematype.js:1257:13)
        at C:\项目\开源库管理\RT-IM-demo\node_modules\mongoose\lib\schematype.js:1240:7
        at Array.forEach (<anonymous>)
        at SchemaString.SchemaType.doValidate (C:\项目\开源库管理\RT-IM-demo\node_modules\mongoose\lib\schematype.js:1185:14)
        at C:\项目\开源库管理\RT-IM-demo\node_modules\mongoose\lib\document.js:2501:18
        at processTicksAndRejections (internal/process/task_queues.js:75:11) {
      properties: [Object],
      kind: 'required',
      path: 'password',
      value: null,
      reason: undefined,
      [Symbol(mongoose:validatorError)]: true
    }
  },
  _message: 'user validation failed'
}
[2020-12-19T14:14:59.408] [ERROR] application - ForbiddenError: 该账号不存在
    at Object.throw (C:\项目\开源库管理\RT-IM-demo\node_modules\koa\lib\context.js:97:11)
    at C:\项目\开源库管理\RT-IM-demo\server\routes\user.ts:42:34
    at processTicksAndRejections (internal/process/task_queues.js:93:5)
    at bodyParser (C:\项目\开源库管理\RT-IM-demo\node_modules\koa-bodyparser\index.js:95:5)
    at C:\项目\开源库管理\RT-IM-demo\server\exception\index.ts:15:5 {
  message: '该账号不存在'
}
[2020-12-19T17:53:17.615] [ERROR] application - UnauthorizedError: Authentication Error
    at Object.throw (C:\项目\开源库管理\RT-IM-demo\node_modules\koa\lib\context.js:97:11)
    at jwt (C:\项目\开源库管理\RT-IM-demo\node_modules\koa-jwt\lib\index.js:23:22)
    at C:\项目\开源库管理\RT-IM-demo\node_modules\koa-unless\index.js:29:12
    at dispatch (C:\项目\开源库管理\RT-IM-demo\node_modules\koa-compose\index.js:42:32)
    at bodyParser (C:\项目\开源库管理\RT-IM-demo\node_modules\koa-bodyparser\index.js:95:11)
    at C:\项目\开源库管理\RT-IM-demo\server\exception\index.ts:15:5 {
  message: 'Authentication Error'
}
[2020-12-19T17:53:36.034] [ERROR] application - TokenExpiredError: jwt expired
    at C:\项目\开源库管理\RT-IM-demo\node_modules\jsonwebtoken\verify.js:152:21
    at getSecret (C:\项目\开源库管理\RT-IM-demo\node_modules\jsonwebtoken\verify.js:90:14)
    at Object.module.exports [as verify] (C:\项目\开源库管理\RT-IM-demo\node_modules\jsonwebtoken\verify.js:94:10)
    at C:\项目\开源库管理\RT-IM-demo\server\routes\user.ts:35:23
    at dispatch (C:\项目\开源库管理\RT-IM-demo\node_modules\koa-compose\index.js:42:32)
    at C:\项目\开源库管理\RT-IM-demo\node_modules\koa-router\lib\router.js:372:16
    at dispatch (C:\项目\开源库管理\RT-IM-demo\node_modules\koa-compose\index.js:42:32)
    at C:\项目\开源库管理\RT-IM-demo\node_modules\koa-compose\index.js:34:12
    at dispatch (C:\项目\开源库管理\RT-IM-demo\node_modules\koa-router\lib\router.js:377:31)
    at dispatch (C:\项目\开源库管理\RT-IM-demo\node_modules\koa-compose\index.js:42:32)
    at C:\项目\开源库管理\RT-IM-demo\node_modules\koa-unless\index.js:26:14
    at dispatch (C:\项目\开源库管理\RT-IM-demo\node_modules\koa-compose\index.js:42:32)
    at bodyParser (C:\项目\开源库管理\RT-IM-demo\node_modules\koa-bodyparser\index.js:95:11)
    at processTicksAndRejections (internal/process/task_queues.js:93:5)
    at C:\项目\开源库管理\RT-IM-demo\server\exception\index.ts:15:5 {
  name: 'TokenExpiredError',
  message: 'jwt expired',
  expiredAt: 2020-12-08T04:45:56.000Z
}
[2020-12-19T17:54:38.161] [ERROR] application - UnauthorizedError: Authentication Error
    at Object.throw (C:\项目\开源库管理\RT-IM-demo\node_modules\koa\lib\context.js:97:11)
    at jwt (C:\项目\开源库管理\RT-IM-demo\node_modules\koa-jwt\lib\index.js:23:22)
    at C:\项目\开源库管理\RT-IM-demo\node_modules\koa-unless\index.js:29:12
    at dispatch (C:\项目\开源库管理\RT-IM-demo\node_modules\koa-compose\index.js:42:32)
    at bodyParser (C:\项目\开源库管理\RT-IM-demo\node_modules\koa-bodyparser\index.js:95:11)
    at C:\项目\开源库管理\RT-IM-demo\server\exception\index.ts:15:5 {
  message: 'Authentication Error'
}
[2020-12-19T17:55:51.536] [ERROR] application - UnauthorizedError: Bad Authorization header format. Format is "Authorization: Bearer <token>"
    at Object.throw (C:\项目\开源库管理\RT-IM-demo\node_modules\koa\lib\context.js:97:11)
    at resolveAuthorizationHeader (C:\项目\开源库管理\RT-IM-demo\node_modules\koa-jwt\lib\resolvers\auth-header.js:26:18)
    at C:\项目\开源库管理\RT-IM-demo\node_modules\koa-jwt\lib\index.js:20:49
    at Array.find (<anonymous>)
    at jwt (C:\项目\开源库管理\RT-IM-demo\node_modules\koa-jwt\lib\index.js:20:24)
    at C:\项目\开源库管理\RT-IM-demo\node_modules\koa-unless\index.js:29:12
    at dispatch (C:\项目\开源库管理\RT-IM-demo\node_modules\koa-compose\index.js:42:32)
    at bodyParser (C:\项目\开源库管理\RT-IM-demo\node_modules\koa-bodyparser\index.js:95:11)
    at C:\项目\开源库管理\RT-IM-demo\server\exception\index.ts:15:5 {
  message: 'Bad Authorization header format. Format is "Authorization: Bearer <token>"'
}
[2020-12-19T17:56:22.517] [ERROR] application - UnauthorizedError: Authentication Error
    at Object.throw (C:\项目\开源库管理\RT-IM-demo\node_modules\koa\lib\context.js:97:11)
    at jwt (C:\项目\开源库管理\RT-IM-demo\node_modules\koa-jwt\lib\index.js:66:26) {
  message: 'Authentication Error',
  originalError: JsonWebTokenError: jwt malformed
      at Object.module.exports [as verify] (C:\项目\开源库管理\RT-IM-demo\node_modules\jsonwebtoken\verify.js:63:17)
      at C:\项目\开源库管理\RT-IM-demo\node_modules\koa-jwt\lib\verify.js:5:23
      at new Promise (<anonymous>)
      at module.exports (C:\项目\开源库管理\RT-IM-demo\node_modules\koa-jwt\lib\verify.js:4:12)
      at C:\项目\开源库管理\RT-IM-demo\node_modules\koa-jwt\lib\index.js:38:64
      at Array.map (<anonymous>)
      at jwt (C:\项目\开源库管理\RT-IM-demo\node_modules\koa-jwt\lib\index.js:38:43)
      at C:\项目\开源库管理\RT-IM-demo\node_modules\koa-unless\index.js:29:12
      at dispatch (C:\项目\开源库管理\RT-IM-demo\node_modules\koa-compose\index.js:42:32)
      at bodyParser (C:\项目\开源库管理\RT-IM-demo\node_modules\koa-bodyparser\index.js:95:11)
      at C:\项目\开源库管理\RT-IM-demo\server\exception\index.ts:15:5 {
    name: 'JsonWebTokenError',
    message: 'jwt malformed'
  }
}
[2020-12-19T17:56:29.775] [ERROR] application - UnauthorizedError: Bad Authorization header format. Format is "Authorization: Bearer <token>"
    at Object.throw (C:\项目\开源库管理\RT-IM-demo\node_modules\koa\lib\context.js:97:11)
    at resolveAuthorizationHeader (C:\项目\开源库管理\RT-IM-demo\node_modules\koa-jwt\lib\resolvers\auth-header.js:26:18)
    at C:\项目\开源库管理\RT-IM-demo\node_modules\koa-jwt\lib\index.js:20:49
    at Array.find (<anonymous>)
    at jwt (C:\项目\开源库管理\RT-IM-demo\node_modules\koa-jwt\lib\index.js:20:24)
    at C:\项目\开源库管理\RT-IM-demo\node_modules\koa-unless\index.js:29:12
    at dispatch (C:\项目\开源库管理\RT-IM-demo\node_modules\koa-compose\index.js:42:32)
    at bodyParser (C:\项目\开源库管理\RT-IM-demo\node_modules\koa-bodyparser\index.js:95:11)
    at C:\项目\开源库管理\RT-IM-demo\server\exception\index.ts:15:5 {
  message: 'Bad Authorization header format. Format is "Authorization: Bearer <token>"'
}
[2020-12-19T17:57:50.430] [ERROR] application - UnauthorizedError: Authentication Error
    at Object.throw (C:\项目\开源库管理\RT-IM-demo\node_modules\koa\lib\context.js:97:11)
    at jwt (C:\项目\开源库管理\RT-IM-demo\node_modules\koa-jwt\lib\index.js:66:26) {
  message: 'Authentication Error',
  originalError: JsonWebTokenError: jwt malformed
      at Object.module.exports [as verify] (C:\项目\开源库管理\RT-IM-demo\node_modules\jsonwebtoken\verify.js:63:17)
      at C:\项目\开源库管理\RT-IM-demo\node_modules\koa-jwt\lib\verify.js:5:23
      at new Promise (<anonymous>)
      at module.exports (C:\项目\开源库管理\RT-IM-demo\node_modules\koa-jwt\lib\verify.js:4:12)
      at C:\项目\开源库管理\RT-IM-demo\node_modules\koa-jwt\lib\index.js:38:64
      at Array.map (<anonymous>)
      at jwt (C:\项目\开源库管理\RT-IM-demo\node_modules\koa-jwt\lib\index.js:38:43)
      at C:\项目\开源库管理\RT-IM-demo\node_modules\koa-unless\index.js:29:12
      at dispatch (C:\项目\开源库管理\RT-IM-demo\node_modules\koa-compose\index.js:42:32)
      at bodyParser (C:\项目\开源库管理\RT-IM-demo\node_modules\koa-bodyparser\index.js:95:11)
      at C:\项目\开源库管理\RT-IM-demo\server\exception\index.ts:15:5 {
    name: 'JsonWebTokenError',
    message: 'jwt malformed'
  }
}
[2020-12-19T17:57:56.836] [ERROR] application - JsonWebTokenError: jwt malformed
    at Object.module.exports [as verify] (C:\项目\开源库管理\RT-IM-demo\node_modules\jsonwebtoken\verify.js:63:17)
    at C:\项目\开源库管理\RT-IM-demo\server\routes\user.ts:35:23
    at dispatch (C:\项目\开源库管理\RT-IM-demo\node_modules\koa-compose\index.js:42:32)
    at C:\项目\开源库管理\RT-IM-demo\node_modules\koa-router\lib\router.js:372:16
    at dispatch (C:\项目\开源库管理\RT-IM-demo\node_modules\koa-compose\index.js:42:32)
    at C:\项目\开源库管理\RT-IM-demo\node_modules\koa-compose\index.js:34:12
    at dispatch (C:\项目\开源库管理\RT-IM-demo\node_modules\koa-router\lib\router.js:377:31)
    at dispatch (C:\项目\开源库管理\RT-IM-demo\node_modules\koa-compose\index.js:42:32)
    at C:\项目\开源库管理\RT-IM-demo\node_modules\koa-unless\index.js:26:14
    at dispatch (C:\项目\开源库管理\RT-IM-demo\node_modules\koa-compose\index.js:42:32)
    at bodyParser (C:\项目\开源库管理\RT-IM-demo\node_modules\koa-bodyparser\index.js:95:11)
    at processTicksAndRejections (internal/process/task_queues.js:93:5)
    at C:\项目\开源库管理\RT-IM-demo\server\exception\index.ts:15:5 {
  name: 'JsonWebTokenError',
  message: 'jwt malformed'
}
[2020-12-19T17:58:32.604] [ERROR] application - UnauthorizedError: Authentication Error
    at Object.throw (C:\项目\开源库管理\RT-IM-demo\node_modules\koa\lib\context.js:97:11)
    at jwt (C:\项目\开源库管理\RT-IM-demo\node_modules\koa-jwt\lib\index.js:66:26) {
  message: 'Authentication Error',
  originalError: JsonWebTokenError: jwt malformed
      at Object.module.exports [as verify] (C:\项目\开源库管理\RT-IM-demo\node_modules\jsonwebtoken\verify.js:63:17)
      at C:\项目\开源库管理\RT-IM-demo\node_modules\koa-jwt\lib\verify.js:5:23
      at new Promise (<anonymous>)
      at module.exports (C:\项目\开源库管理\RT-IM-demo\node_modules\koa-jwt\lib\verify.js:4:12)
      at C:\项目\开源库管理\RT-IM-demo\node_modules\koa-jwt\lib\index.js:38:64
      at Array.map (<anonymous>)
      at jwt (C:\项目\开源库管理\RT-IM-demo\node_modules\koa-jwt\lib\index.js:38:43)
      at C:\项目\开源库管理\RT-IM-demo\node_modules\koa-unless\index.js:29:12
      at dispatch (C:\项目\开源库管理\RT-IM-demo\node_modules\koa-compose\index.js:42:32)
      at bodyParser (C:\项目\开源库管理\RT-IM-demo\node_modules\koa-bodyparser\index.js:95:11)
      at C:\项目\开源库管理\RT-IM-demo\server\exception\index.ts:15:5 {
    name: 'JsonWebTokenError',
    message: 'jwt malformed'
  }
}
[2020-12-19T17:58:49.620] [ERROR] application - UnauthorizedError: Authentication Error
    at Object.throw (C:\项目\开源库管理\RT-IM-demo\node_modules\koa\lib\context.js:97:11)
    at jwt (C:\项目\开源库管理\RT-IM-demo\node_modules\koa-jwt\lib\index.js:66:26) {
  message: 'Authentication Error',
  originalError: JsonWebTokenError: jwt malformed
      at Object.module.exports [as verify] (C:\项目\开源库管理\RT-IM-demo\node_modules\jsonwebtoken\verify.js:63:17)
      at C:\项目\开源库管理\RT-IM-demo\node_modules\koa-jwt\lib\verify.js:5:23
      at new Promise (<anonymous>)
      at module.exports (C:\项目\开源库管理\RT-IM-demo\node_modules\koa-jwt\lib\verify.js:4:12)
      at C:\项目\开源库管理\RT-IM-demo\node_modules\koa-jwt\lib\index.js:38:64
      at Array.map (<anonymous>)
      at jwt (C:\项目\开源库管理\RT-IM-demo\node_modules\koa-jwt\lib\index.js:38:43)
      at C:\项目\开源库管理\RT-IM-demo\node_modules\koa-unless\index.js:29:12
      at dispatch (C:\项目\开源库管理\RT-IM-demo\node_modules\koa-compose\index.js:42:32)
      at bodyParser (C:\项目\开源库管理\RT-IM-demo\node_modules\koa-bodyparser\index.js:95:11)
      at C:\项目\开源库管理\RT-IM-demo\server\exception\index.ts:15:5 {
    name: 'JsonWebTokenError',
    message: 'jwt malformed'
  }
}
[2020-12-19T17:58:56.667] [ERROR] application - UnauthorizedError: Authentication Error
    at Object.throw (C:\项目\开源库管理\RT-IM-demo\node_modules\koa\lib\context.js:97:11)
    at jwt (C:\项目\开源库管理\RT-IM-demo\node_modules\koa-jwt\lib\index.js:66:26) {
  message: 'Authentication Error',
  originalError: JsonWebTokenError: jwt malformed
      at Object.module.exports [as verify] (C:\项目\开源库管理\RT-IM-demo\node_modules\jsonwebtoken\verify.js:63:17)
      at C:\项目\开源库管理\RT-IM-demo\node_modules\koa-jwt\lib\verify.js:5:23
      at new Promise (<anonymous>)
      at module.exports (C:\项目\开源库管理\RT-IM-demo\node_modules\koa-jwt\lib\verify.js:4:12)
      at C:\项目\开源库管理\RT-IM-demo\node_modules\koa-jwt\lib\index.js:38:64
      at Array.map (<anonymous>)
      at jwt (C:\项目\开源库管理\RT-IM-demo\node_modules\koa-jwt\lib\index.js:38:43)
      at C:\项目\开源库管理\RT-IM-demo\node_modules\koa-unless\index.js:29:12
      at dispatch (C:\项目\开源库管理\RT-IM-demo\node_modules\koa-compose\index.js:42:32)
      at bodyParser (C:\项目\开源库管理\RT-IM-demo\node_modules\koa-bodyparser\index.js:95:11)
      at C:\项目\开源库管理\RT-IM-demo\server\exception\index.ts:15:5 {
    name: 'JsonWebTokenError',
    message: 'jwt malformed'
  }
}
[2020-12-19T17:59:45.038] [ERROR] application - JsonWebTokenError: jwt malformed
    at Object.module.exports [as verify] (C:\项目\开源库管理\RT-IM-demo\node_modules\jsonwebtoken\verify.js:63:17)
    at C:\项目\开源库管理\RT-IM-demo\server\routes\user.ts:35:23
    at dispatch (C:\项目\开源库管理\RT-IM-demo\node_modules\koa-compose\index.js:42:32)
    at C:\项目\开源库管理\RT-IM-demo\node_modules\koa-router\lib\router.js:372:16
    at dispatch (C:\项目\开源库管理\RT-IM-demo\node_modules\koa-compose\index.js:42:32)
    at C:\项目\开源库管理\RT-IM-demo\node_modules\koa-compose\index.js:34:12
    at dispatch (C:\项目\开源库管理\RT-IM-demo\node_modules\koa-router\lib\router.js:377:31)
    at dispatch (C:\项目\开源库管理\RT-IM-demo\node_modules\koa-compose\index.js:42:32)
    at C:\项目\开源库管理\RT-IM-demo\node_modules\koa-unless\index.js:26:14
    at dispatch (C:\项目\开源库管理\RT-IM-demo\node_modules\koa-compose\index.js:42:32)
    at bodyParser (C:\项目\开源库管理\RT-IM-demo\node_modules\koa-bodyparser\index.js:95:11)
    at processTicksAndRejections (internal/process/task_queues.js:93:5)
    at C:\项目\开源库管理\RT-IM-demo\server\exception\index.ts:15:5 {
  name: 'JsonWebTokenError',
  message: 'jwt malformed'
}
[2020-12-19T18:00:32.876] [ERROR] application - JsonWebTokenError: jwt malformed
    at Object.module.exports [as verify] (C:\项目\开源库管理\RT-IM-demo\node_modules\jsonwebtoken\verify.js:63:17)
    at C:\项目\开源库管理\RT-IM-demo\server\routes\user.ts:35:23
    at dispatch (C:\项目\开源库管理\RT-IM-demo\node_modules\koa-compose\index.js:42:32)
    at C:\项目\开源库管理\RT-IM-demo\node_modules\koa-router\lib\router.js:372:16
    at dispatch (C:\项目\开源库管理\RT-IM-demo\node_modules\koa-compose\index.js:42:32)
    at C:\项目\开源库管理\RT-IM-demo\node_modules\koa-compose\index.js:34:12
    at dispatch (C:\项目\开源库管理\RT-IM-demo\node_modules\koa-router\lib\router.js:377:31)
    at dispatch (C:\项目\开源库管理\RT-IM-demo\node_modules\koa-compose\index.js:42:32)
    at C:\项目\开源库管理\RT-IM-demo\node_modules\koa-unless\index.js:26:14
    at dispatch (C:\项目\开源库管理\RT-IM-demo\node_modules\koa-compose\index.js:42:32)
    at bodyParser (C:\项目\开源库管理\RT-IM-demo\node_modules\koa-bodyparser\index.js:95:11)
    at processTicksAndRejections (internal/process/task_queues.js:93:5)
    at C:\项目\开源库管理\RT-IM-demo\server\exception\index.ts:15:5 {
  name: 'JsonWebTokenError',
  message: 'jwt malformed'
}
[2020-12-19T18:01:46.450] [ERROR] application - JsonWebTokenError: jwt malformed
    at Object.module.exports [as verify] (C:\项目\开源库管理\RT-IM-demo\node_modules\jsonwebtoken\verify.js:63:17)
    at C:\项目\开源库管理\RT-IM-demo\server\routes\user.ts:35:23
    at dispatch (C:\项目\开源库管理\RT-IM-demo\node_modules\koa-compose\index.js:42:32)
    at C:\项目\开源库管理\RT-IM-demo\node_modules\koa-router\lib\router.js:372:16
    at dispatch (C:\项目\开源库管理\RT-IM-demo\node_modules\koa-compose\index.js:42:32)
    at C:\项目\开源库管理\RT-IM-demo\node_modules\koa-compose\index.js:34:12
    at dispatch (C:\项目\开源库管理\RT-IM-demo\node_modules\koa-router\lib\router.js:377:31)
    at dispatch (C:\项目\开源库管理\RT-IM-demo\node_modules\koa-compose\index.js:42:32)
    at C:\项目\开源库管理\RT-IM-demo\node_modules\koa-unless\index.js:26:14
    at dispatch (C:\项目\开源库管理\RT-IM-demo\node_modules\koa-compose\index.js:42:32)
    at bodyParser (C:\项目\开源库管理\RT-IM-demo\node_modules\koa-bodyparser\index.js:95:11)
    at processTicksAndRejections (internal/process/task_queues.js:93:5)
    at C:\项目\开源库管理\RT-IM-demo\server\exception\index.ts:15:5 {
  name: 'JsonWebTokenError',
  message: 'jwt malformed'
}
[2020-12-19T18:01:52.841] [ERROR] application - TokenExpiredError: jwt expired
    at C:\项目\开源库管理\RT-IM-demo\node_modules\jsonwebtoken\verify.js:152:21
    at getSecret (C:\项目\开源库管理\RT-IM-demo\node_modules\jsonwebtoken\verify.js:90:14)
    at Object.module.exports [as verify] (C:\项目\开源库管理\RT-IM-demo\node_modules\jsonwebtoken\verify.js:94:10)
    at C:\项目\开源库管理\RT-IM-demo\server\routes\user.ts:35:23
    at dispatch (C:\项目\开源库管理\RT-IM-demo\node_modules\koa-compose\index.js:42:32)
    at C:\项目\开源库管理\RT-IM-demo\node_modules\koa-router\lib\router.js:372:16
    at dispatch (C:\项目\开源库管理\RT-IM-demo\node_modules\koa-compose\index.js:42:32)
    at C:\项目\开源库管理\RT-IM-demo\node_modules\koa-compose\index.js:34:12
    at dispatch (C:\项目\开源库管理\RT-IM-demo\node_modules\koa-router\lib\router.js:377:31)
    at dispatch (C:\项目\开源库管理\RT-IM-demo\node_modules\koa-compose\index.js:42:32)
    at C:\项目\开源库管理\RT-IM-demo\node_modules\koa-unless\index.js:26:14
    at dispatch (C:\项目\开源库管理\RT-IM-demo\node_modules\koa-compose\index.js:42:32)
    at bodyParser (C:\项目\开源库管理\RT-IM-demo\node_modules\koa-bodyparser\index.js:95:11)
    at processTicksAndRejections (internal/process/task_queues.js:93:5)
    at C:\项目\开源库管理\RT-IM-demo\server\exception\index.ts:15:5 {
  name: 'TokenExpiredError',
  message: 'jwt expired',
  expiredAt: 2020-12-08T04:45:56.000Z
}
[2020-12-19T18:02:25.128] [ERROR] application - UnauthorizedError: Bad Authorization header format. Format is "Authorization: Bearer <token>"
    at Object.throw (C:\项目\开源库管理\RT-IM-demo\node_modules\koa\lib\context.js:97:11)
    at resolveAuthorizationHeader (C:\项目\开源库管理\RT-IM-demo\node_modules\koa-jwt\lib\resolvers\auth-header.js:26:18)
    at C:\项目\开源库管理\RT-IM-demo\node_modules\koa-jwt\lib\index.js:20:49
    at Array.find (<anonymous>)
    at jwt (C:\项目\开源库管理\RT-IM-demo\node_modules\koa-jwt\lib\index.js:20:24)
    at C:\项目\开源库管理\RT-IM-demo\node_modules\koa-unless\index.js:29:12
    at dispatch (C:\项目\开源库管理\RT-IM-demo\node_modules\koa-compose\index.js:42:32)
    at bodyParser (C:\项目\开源库管理\RT-IM-demo\node_modules\koa-bodyparser\index.js:95:11)
    at C:\项目\开源库管理\RT-IM-demo\server\exception\index.ts:15:5 {
  message: 'Bad Authorization header format. Format is "Authorization: Bearer <token>"'
}
[2020-12-19T18:02:31.267] [ERROR] application - UnauthorizedError: Bad Authorization header format. Format is "Authorization: Bearer <token>"
    at Object.throw (C:\项目\开源库管理\RT-IM-demo\node_modules\koa\lib\context.js:97:11)
    at resolveAuthorizationHeader (C:\项目\开源库管理\RT-IM-demo\node_modules\koa-jwt\lib\resolvers\auth-header.js:26:18)
    at C:\项目\开源库管理\RT-IM-demo\node_modules\koa-jwt\lib\index.js:20:49
    at Array.find (<anonymous>)
    at jwt (C:\项目\开源库管理\RT-IM-demo\node_modules\koa-jwt\lib\index.js:20:24)
    at C:\项目\开源库管理\RT-IM-demo\node_modules\koa-unless\index.js:29:12
    at dispatch (C:\项目\开源库管理\RT-IM-demo\node_modules\koa-compose\index.js:42:32)
    at bodyParser (C:\项目\开源库管理\RT-IM-demo\node_modules\koa-bodyparser\index.js:95:11)
    at C:\项目\开源库管理\RT-IM-demo\server\exception\index.ts:15:5 {
  message: 'Bad Authorization header format. Format is "Authorization: Bearer <token>"'
}
[2020-12-19T18:02:52.180] [ERROR] application - UnauthorizedError: Bad Authorization header format. Format is "Authorization: Bearer <token>"
    at Object.throw (C:\项目\开源库管理\RT-IM-demo\node_modules\koa\lib\context.js:97:11)
    at resolveAuthorizationHeader (C:\项目\开源库管理\RT-IM-demo\node_modules\koa-jwt\lib\resolvers\auth-header.js:26:18)
    at C:\项目\开源库管理\RT-IM-demo\node_modules\koa-jwt\lib\index.js:20:49
    at Array.find (<anonymous>)
    at jwt (C:\项目\开源库管理\RT-IM-demo\node_modules\koa-jwt\lib\index.js:20:24)
    at C:\项目\开源库管理\RT-IM-demo\node_modules\koa-unless\index.js:29:12
    at dispatch (C:\项目\开源库管理\RT-IM-demo\node_modules\koa-compose\index.js:42:32)
    at bodyParser (C:\项目\开源库管理\RT-IM-demo\node_modules\koa-bodyparser\index.js:95:11)
    at C:\项目\开源库管理\RT-IM-demo\server\exception\index.ts:15:5 {
  message: 'Bad Authorization header format. Format is "Authorization: Bearer <token>"'
}
[2020-12-19T21:09:11.958] [ERROR] application - UnauthorizedError: Authentication Error
    at Object.throw (G:\项目文件\开源库管理\RT-IM-demo\node_modules\koa\lib\context.js:97:11)
    at jwt (G:\项目文件\开源库管理\RT-IM-demo\node_modules\koa-jwt\lib\index.js:23:22)
    at G:\项目文件\开源库管理\RT-IM-demo\node_modules\koa-unless\index.js:29:12
    at dispatch (G:\项目文件\开源库管理\RT-IM-demo\node_modules\koa-compose\index.js:42:32)
    at bodyParser (G:\项目文件\开源库管理\RT-IM-demo\node_modules\koa-bodyparser\index.js:95:11)
    at processTicksAndRejections (internal/process/task_queues.js:93:5)
    at G:\项目文件\开源库管理\RT-IM-demo\server\exception\index.ts:15:5 {
  message: 'Authentication Error'
}
[2020-12-19T21:09:12.209] [ERROR] application - UnauthorizedError: Authentication Error
    at Object.throw (G:\项目文件\开源库管理\RT-IM-demo\node_modules\koa\lib\context.js:97:11)
    at jwt (G:\项目文件\开源库管理\RT-IM-demo\node_modules\koa-jwt\lib\index.js:23:22)
    at G:\项目文件\开源库管理\RT-IM-demo\node_modules\koa-unless\index.js:29:12
    at dispatch (G:\项目文件\开源库管理\RT-IM-demo\node_modules\koa-compose\index.js:42:32)
    at bodyParser (G:\项目文件\开源库管理\RT-IM-demo\node_modules\koa-bodyparser\index.js:95:11)
    at processTicksAndRejections (internal/process/task_queues.js:93:5)
    at G:\项目文件\开源库管理\RT-IM-demo\server\exception\index.ts:15:5 {
  message: 'Authentication Error'
}
[2020-12-19T21:09:19.034] [ERROR] application - UnauthorizedError: Authentication Error
    at Object.throw (G:\项目文件\开源库管理\RT-IM-demo\node_modules\koa\lib\context.js:97:11)
    at jwt (G:\项目文件\开源库管理\RT-IM-demo\node_modules\koa-jwt\lib\index.js:23:22)
    at G:\项目文件\开源库管理\RT-IM-demo\node_modules\koa-unless\index.js:29:12
    at dispatch (G:\项目文件\开源库管理\RT-IM-demo\node_modules\koa-compose\index.js:42:32)
    at bodyParser (G:\项目文件\开源库管理\RT-IM-demo\node_modules\koa-bodyparser\index.js:95:11)
    at processTicksAndRejections (internal/process/task_queues.js:93:5)
    at G:\项目文件\开源库管理\RT-IM-demo\server\exception\index.ts:15:5 {
  message: 'Authentication Error'
}
[2020-12-19T21:12:11.891] [ERROR] application - MulterError: Unexpected field
    at wrappedFileFilter (G:\项目文件\开源库管理\RT-IM-demo\node_modules\multer\index.js:40:19)
    at Busboy.<anonymous> (G:\项目文件\开源库管理\RT-IM-demo\node_modules\multer\lib\make-middleware.js:114:7)
    at Busboy.emit (events.js:210:5)
    at Busboy.EventEmitter.emit (domain.js:476:20)
    at Busboy.emit (G:\项目文件\开源库管理\RT-IM-demo\node_modules\busboy\lib\main.js:38:33)
    at PartStream.<anonymous> (G:\项目文件\开源库管理\RT-IM-demo\node_modules\busboy\lib\types\multipart.js:213:13)
    at PartStream.emit (events.js:210:5)
    at PartStream.EventEmitter.emit (domain.js:476:20)
    at HeaderParser.<anonymous> (G:\项目文件\开源库管理\RT-IM-demo\node_modules\dicer\lib\Dicer.js:51:16)
    at HeaderParser.emit (events.js:210:5)
    at HeaderParser.EventEmitter.emit (domain.js:476:20)
    at HeaderParser._finish (G:\项目文件\开源库管理\RT-IM-demo\node_modules\dicer\lib\HeaderParser.js:68:8)
    at SBMH.<anonymous> (G:\项目文件\开源库管理\RT-IM-demo\node_modules\dicer\lib\HeaderParser.js:40:12)
    at SBMH.emit (events.js:210:5)
    at SBMH.EventEmitter.emit (domain.js:476:20)
    at SBMH._sbmh_feed (G:\项目文件\开源库管理\RT-IM-demo\node_modules\streamsearch\lib\sbmh.js:159:14) {
  name: 'MulterError',
  message: 'Unexpected field',
  code: 'LIMIT_UNEXPECTED_FILE',
  field: 'file',
  storageErrors: []
}
[2020-12-19T21:16:29.572] [ERROR] application - MulterError: File too large
    at abortWithCode (G:\项目文件\开源库管理\RT-IM-demo\node_modules\multer\lib\make-middleware.js:79:22)
    at FileStream.<anonymous> (G:\项目文件\开源库管理\RT-IM-demo\node_modules\multer\lib\make-middleware.js:141:11)
    at FileStream.emit (events.js:210:5)
    at FileStream.EventEmitter.emit (domain.js:476:20)
    at PartStream.onData (G:\项目文件\开源库管理\RT-IM-demo\node_modules\busboy\lib\types\multipart.js:220:18)
    at PartStream.emit (events.js:210:5)
    at PartStream.EventEmitter.emit (domain.js:476:20)
    at addChunk (_stream_readable.js:308:12)
    at readableAddChunk (_stream_readable.js:289:11)
    at PartStream.Readable.push (_stream_readable.js:223:10)
    at Dicer._oninfo (G:\项目文件\开源库管理\RT-IM-demo\node_modules\dicer\lib\Dicer.js:191:36)
    at Dicer._oninfo (G:\项目文件\开源库管理\RT-IM-demo\node_modules\dicer\lib\Dicer.js:199:14)
    at SBMH.<anonymous> (G:\项目文件\开源库管理\RT-IM-demo\node_modules\dicer\lib\Dicer.js:127:10)
    at SBMH.emit (events.js:210:5)
    at SBMH.EventEmitter.emit (domain.js:476:20)
    at SBMH._sbmh_feed (G:\项目文件\开源库管理\RT-IM-demo\node_modules\streamsearch\lib\sbmh.js:188:10) {
  name: 'MulterError',
  message: 'File too large',
  code: 'LIMIT_FILE_SIZE',
  field: 'file',
  storageErrors: []
}
[2020-12-19T21:17:47.825] [ERROR] application - MulterError: File too large
    at abortWithCode (G:\项目文件\开源库管理\RT-IM-demo\node_modules\multer\lib\make-middleware.js:79:22)
    at FileStream.<anonymous> (G:\项目文件\开源库管理\RT-IM-demo\node_modules\multer\lib\make-middleware.js:141:11)
    at FileStream.emit (events.js:210:5)
    at FileStream.EventEmitter.emit (domain.js:476:20)
    at PartStream.onData (G:\项目文件\开源库管理\RT-IM-demo\node_modules\busboy\lib\types\multipart.js:220:18)
    at PartStream.emit (events.js:210:5)
    at PartStream.EventEmitter.emit (domain.js:476:20)
    at addChunk (_stream_readable.js:308:12)
    at readableAddChunk (_stream_readable.js:289:11)
    at PartStream.Readable.push (_stream_readable.js:223:10)
    at Dicer._oninfo (G:\项目文件\开源库管理\RT-IM-demo\node_modules\dicer\lib\Dicer.js:191:36)
    at Dicer._oninfo (G:\项目文件\开源库管理\RT-IM-demo\node_modules\dicer\lib\Dicer.js:199:14)
    at SBMH.<anonymous> (G:\项目文件\开源库管理\RT-IM-demo\node_modules\dicer\lib\Dicer.js:127:10)
    at SBMH.emit (events.js:210:5)
    at SBMH.EventEmitter.emit (domain.js:476:20)
    at SBMH._sbmh_feed (G:\项目文件\开源库管理\RT-IM-demo\node_modules\streamsearch\lib\sbmh.js:188:10) {
  name: 'MulterError',
  message: 'File too large',
  code: 'LIMIT_FILE_SIZE',
  field: 'file',
  storageErrors: []
}
[2020-12-19T21:17:59.744] [ERROR] application - MulterError: File too large
    at abortWithCode (G:\项目文件\开源库管理\RT-IM-demo\node_modules\multer\lib\make-middleware.js:79:22)
    at FileStream.<anonymous> (G:\项目文件\开源库管理\RT-IM-demo\node_modules\multer\lib\make-middleware.js:141:11)
    at FileStream.emit (events.js:210:5)
    at FileStream.EventEmitter.emit (domain.js:476:20)
    at PartStream.onData (G:\项目文件\开源库管理\RT-IM-demo\node_modules\busboy\lib\types\multipart.js:220:18)
    at PartStream.emit (events.js:210:5)
    at PartStream.EventEmitter.emit (domain.js:476:20)
    at addChunk (_stream_readable.js:308:12)
    at readableAddChunk (_stream_readable.js:289:11)
    at PartStream.Readable.push (_stream_readable.js:223:10)
    at Dicer._oninfo (G:\项目文件\开源库管理\RT-IM-demo\node_modules\dicer\lib\Dicer.js:191:36)
    at Dicer._oninfo (G:\项目文件\开源库管理\RT-IM-demo\node_modules\dicer\lib\Dicer.js:199:14)
    at SBMH.<anonymous> (G:\项目文件\开源库管理\RT-IM-demo\node_modules\dicer\lib\Dicer.js:127:10)
    at SBMH.emit (events.js:210:5)
    at SBMH.EventEmitter.emit (domain.js:476:20)
    at SBMH._sbmh_feed (G:\项目文件\开源库管理\RT-IM-demo\node_modules\streamsearch\lib\sbmh.js:188:10) {
  name: 'MulterError',
  message: 'File too large',
  code: 'LIMIT_FILE_SIZE',
  field: 'file',
  storageErrors: []
}
[2020-12-19T21:18:32.296] [ERROR] application - MulterError: File too large
    at abortWithCode (G:\项目文件\开源库管理\RT-IM-demo\node_modules\multer\lib\make-middleware.js:79:22)
    at FileStream.<anonymous> (G:\项目文件\开源库管理\RT-IM-demo\node_modules\multer\lib\make-middleware.js:141:11)
    at FileStream.emit (events.js:210:5)
    at FileStream.EventEmitter.emit (domain.js:476:20)
    at PartStream.onData (G:\项目文件\开源库管理\RT-IM-demo\node_modules\busboy\lib\types\multipart.js:220:18)
    at PartStream.emit (events.js:210:5)
    at PartStream.EventEmitter.emit (domain.js:476:20)
    at addChunk (_stream_readable.js:308:12)
    at readableAddChunk (_stream_readable.js:289:11)
    at PartStream.Readable.push (_stream_readable.js:223:10)
    at Dicer._oninfo (G:\项目文件\开源库管理\RT-IM-demo\node_modules\dicer\lib\Dicer.js:191:36)
    at Dicer._oninfo (G:\项目文件\开源库管理\RT-IM-demo\node_modules\dicer\lib\Dicer.js:199:14)
    at SBMH.<anonymous> (G:\项目文件\开源库管理\RT-IM-demo\node_modules\dicer\lib\Dicer.js:127:10)
    at SBMH.emit (events.js:210:5)
    at SBMH.EventEmitter.emit (domain.js:476:20)
    at SBMH._sbmh_feed (G:\项目文件\开源库管理\RT-IM-demo\node_modules\streamsearch\lib\sbmh.js:188:10) {
  name: 'MulterError',
  message: 'File too large',
  code: 'LIMIT_FILE_SIZE',
  field: 'file',
  storageErrors: []
}
[2020-12-19T21:18:46.127] [ERROR] application - MulterError: File too large
    at abortWithCode (G:\项目文件\开源库管理\RT-IM-demo\node_modules\multer\lib\make-middleware.js:79:22)
    at FileStream.<anonymous> (G:\项目文件\开源库管理\RT-IM-demo\node_modules\multer\lib\make-middleware.js:141:11)
    at FileStream.emit (events.js:210:5)
    at FileStream.EventEmitter.emit (domain.js:476:20)
    at PartStream.onData (G:\项目文件\开源库管理\RT-IM-demo\node_modules\busboy\lib\types\multipart.js:220:18)
    at PartStream.emit (events.js:210:5)
    at PartStream.EventEmitter.emit (domain.js:476:20)
    at addChunk (_stream_readable.js:308:12)
    at readableAddChunk (_stream_readable.js:289:11)
    at PartStream.Readable.push (_stream_readable.js:223:10)
    at Dicer._oninfo (G:\项目文件\开源库管理\RT-IM-demo\node_modules\dicer\lib\Dicer.js:191:36)
    at SBMH.<anonymous> (G:\项目文件\开源库管理\RT-IM-demo\node_modules\dicer\lib\Dicer.js:127:10)
    at SBMH.emit (events.js:210:5)
    at SBMH.EventEmitter.emit (domain.js:476:20)
    at SBMH._sbmh_feed (G:\项目文件\开源库管理\RT-IM-demo\node_modules\streamsearch\lib\sbmh.js:188:10)
    at SBMH.push (G:\项目文件\开源库管理\RT-IM-demo\node_modules\streamsearch\lib\sbmh.js:56:14) {
  name: 'MulterError',
  message: 'File too large',
  code: 'LIMIT_FILE_SIZE',
  field: 'file',
  storageErrors: []
}
[2020-12-19T21:20:11.139] [ERROR] application - MulterError: File too large
    at abortWithCode (G:\项目文件\开源库管理\RT-IM-demo\node_modules\multer\lib\make-middleware.js:79:22)
    at FileStream.<anonymous> (G:\项目文件\开源库管理\RT-IM-demo\node_modules\multer\lib\make-middleware.js:141:11)
    at FileStream.emit (events.js:210:5)
    at FileStream.EventEmitter.emit (domain.js:476:20)
    at PartStream.onData (G:\项目文件\开源库管理\RT-IM-demo\node_modules\busboy\lib\types\multipart.js:220:18)
    at PartStream.emit (events.js:210:5)
    at PartStream.EventEmitter.emit (domain.js:476:20)
    at addChunk (_stream_readable.js:308:12)
    at readableAddChunk (_stream_readable.js:289:11)
    at PartStream.Readable.push (_stream_readable.js:223:10)
    at Dicer._oninfo (G:\项目文件\开源库管理\RT-IM-demo\node_modules\dicer\lib\Dicer.js:191:36)
    at SBMH.<anonymous> (G:\项目文件\开源库管理\RT-IM-demo\node_modules\dicer\lib\Dicer.js:127:10)
    at SBMH.emit (events.js:210:5)
    at SBMH.EventEmitter.emit (domain.js:476:20)
    at SBMH._sbmh_feed (G:\项目文件\开源库管理\RT-IM-demo\node_modules\streamsearch\lib\sbmh.js:188:10)
    at SBMH.push (G:\项目文件\开源库管理\RT-IM-demo\node_modules\streamsearch\lib\sbmh.js:56:14) {
  name: 'MulterError',
  message: 'File too large',
  code: 'LIMIT_FILE_SIZE',
  field: 'file',
  storageErrors: []
}
[2020-12-19T21:20:42.354] [ERROR] application - MulterError: File too large
    at abortWithCode (G:\项目文件\开源库管理\RT-IM-demo\node_modules\multer\lib\make-middleware.js:79:22)
    at FileStream.<anonymous> (G:\项目文件\开源库管理\RT-IM-demo\node_modules\multer\lib\make-middleware.js:141:11)
    at FileStream.emit (events.js:210:5)
    at FileStream.EventEmitter.emit (domain.js:476:20)
    at PartStream.onData (G:\项目文件\开源库管理\RT-IM-demo\node_modules\busboy\lib\types\multipart.js:220:18)
    at PartStream.emit (events.js:210:5)
    at PartStream.EventEmitter.emit (domain.js:476:20)
    at addChunk (_stream_readable.js:308:12)
    at readableAddChunk (_stream_readable.js:289:11)
    at PartStream.Readable.push (_stream_readable.js:223:10)
    at Dicer._oninfo (G:\项目文件\开源库管理\RT-IM-demo\node_modules\dicer\lib\Dicer.js:191:36)
    at SBMH.<anonymous> (G:\项目文件\开源库管理\RT-IM-demo\node_modules\dicer\lib\Dicer.js:127:10)
    at SBMH.emit (events.js:210:5)
    at SBMH.EventEmitter.emit (domain.js:476:20)
    at SBMH._sbmh_feed (G:\项目文件\开源库管理\RT-IM-demo\node_modules\streamsearch\lib\sbmh.js:188:10)
    at SBMH.push (G:\项目文件\开源库管理\RT-IM-demo\node_modules\streamsearch\lib\sbmh.js:56:14) {
  name: 'MulterError',
  message: 'File too large',
  code: 'LIMIT_FILE_SIZE',
  field: 'file',
  storageErrors: []
}
[2020-12-19T21:31:04.834] [ERROR] application - MulterError: File too large
    at abortWithCode (G:\项目文件\开源库管理\RT-IM-demo\node_modules\multer\lib\make-middleware.js:79:22)
    at FileStream.<anonymous> (G:\项目文件\开源库管理\RT-IM-demo\node_modules\multer\lib\make-middleware.js:141:11)
    at FileStream.emit (events.js:210:5)
    at FileStream.EventEmitter.emit (domain.js:476:20)
    at PartStream.onData (G:\项目文件\开源库管理\RT-IM-demo\node_modules\busboy\lib\types\multipart.js:220:18)
    at PartStream.emit (events.js:210:5)
    at PartStream.EventEmitter.emit (domain.js:476:20)
    at addChunk (_stream_readable.js:308:12)
    at readableAddChunk (_stream_readable.js:289:11)
    at PartStream.Readable.push (_stream_readable.js:223:10)
    at Dicer._oninfo (G:\项目文件\开源库管理\RT-IM-demo\node_modules\dicer\lib\Dicer.js:191:36)
    at SBMH.<anonymous> (G:\项目文件\开源库管理\RT-IM-demo\node_modules\dicer\lib\Dicer.js:127:10)
    at SBMH.emit (events.js:210:5)
    at SBMH.EventEmitter.emit (domain.js:476:20)
    at SBMH._sbmh_feed (G:\项目文件\开源库管理\RT-IM-demo\node_modules\streamsearch\lib\sbmh.js:188:10)
    at SBMH.push (G:\项目文件\开源库管理\RT-IM-demo\node_modules\streamsearch\lib\sbmh.js:56:14) {
  name: 'MulterError',
  message: 'File too large',
  code: 'LIMIT_FILE_SIZE',
  field: 'file',
  storageErrors: []
}
[2020-12-19T21:37:40.521] [ERROR] application - [Error: ENOENT: no such file or directory, open 'G:\项目文件\开源库管理\RT-IM-demo\server\utils\public\nUYa-3eNO6.png'] {
  errno: -4058,
  code: 'ENOENT',
  syscall: 'open',
  path: 'G:\\项目文件\\开源库管理\\RT-IM-demo\\server\\utils\\public\\nUYa-3eNO6.png',
  storageErrors: []
}
[2020-12-19T21:49:58.315] [ERROR] application - UnauthorizedError: Authentication Error
    at Object.throw (G:\项目文件\开源库管理\RT-IM-demo\node_modules\koa\lib\context.js:97:11)
    at jwt (G:\项目文件\开源库管理\RT-IM-demo\node_modules\koa-jwt\lib\index.js:23:22)
    at G:\项目文件\开源库管理\RT-IM-demo\node_modules\koa-unless\index.js:29:12
    at dispatch (G:\项目文件\开源库管理\RT-IM-demo\node_modules\koa-compose\index.js:42:32)
    at bodyParser (G:\项目文件\开源库管理\RT-IM-demo\node_modules\koa-bodyparser\index.js:95:11)
    at processTicksAndRejections (internal/process/task_queues.js:93:5)
    at G:\项目文件\开源库管理\RT-IM-demo\server\exception\index.ts:15:5 {
  message: 'Authentication Error'
}
[2020-12-19T21:55:40.215] [ERROR] application - UnauthorizedError: Authentication Error
    at Object.throw (G:\项目文件\开源库管理\RT-IM-demo\node_modules\koa\lib\context.js:97:11)
    at jwt (G:\项目文件\开源库管理\RT-IM-demo\node_modules\koa-jwt\lib\index.js:23:22)
    at G:\项目文件\开源库管理\RT-IM-demo\node_modules\koa-unless\index.js:29:12
    at dispatch (G:\项目文件\开源库管理\RT-IM-demo\node_modules\koa-compose\index.js:42:32)
    at serve (G:\项目文件\开源库管理\RT-IM-demo\node_modules\koa-static\index.js:53:15) {
  message: 'Authentication Error'
}
[2020-12-19T22:02:21.131] [ERROR] application - UnauthorizedError: Authentication Error
    at Object.throw (G:\项目文件\开源库管理\RT-IM-demo\node_modules\koa\lib\context.js:97:11)
    at jwt (G:\项目文件\开源库管理\RT-IM-demo\node_modules\koa-jwt\lib\index.js:23:22)
    at G:\项目文件\开源库管理\RT-IM-demo\node_modules\koa-unless\index.js:29:12
    at dispatch (G:\项目文件\开源库管理\RT-IM-demo\node_modules\koa-compose\index.js:42:32)
    at serve (G:\项目文件\开源库管理\RT-IM-demo\node_modules\koa-static\index.js:53:15) {
  message: 'Authentication Error'
}
[2020-12-19T22:02:25.899] [ERROR] application - UnauthorizedError: Authentication Error
    at Object.throw (G:\项目文件\开源库管理\RT-IM-demo\node_modules\koa\lib\context.js:97:11)
    at jwt (G:\项目文件\开源库管理\RT-IM-demo\node_modules\koa-jwt\lib\index.js:23:22)
    at G:\项目文件\开源库管理\RT-IM-demo\node_modules\koa-unless\index.js:29:12
    at dispatch (G:\项目文件\开源库管理\RT-IM-demo\node_modules\koa-compose\index.js:42:32)
    at serve (G:\项目文件\开源库管理\RT-IM-demo\node_modules\koa-static\index.js:53:15) {
  message: 'Authentication Error'
}
[2020-12-19T22:02:26.122] [ERROR] application - UnauthorizedError: Authentication Error
    at Object.throw (G:\项目文件\开源库管理\RT-IM-demo\node_modules\koa\lib\context.js:97:11)
    at jwt (G:\项目文件\开源库管理\RT-IM-demo\node_modules\koa-jwt\lib\index.js:23:22)
    at G:\项目文件\开源库管理\RT-IM-demo\node_modules\koa-unless\index.js:29:12
    at dispatch (G:\项目文件\开源库管理\RT-IM-demo\node_modules\koa-compose\index.js:42:32)
    at serve (G:\项目文件\开源库管理\RT-IM-demo\node_modules\koa-static\index.js:53:15) {
  message: 'Authentication Error'
}
[2020-12-19T22:02:29.620] [ERROR] application - UnauthorizedError: Authentication Error
    at Object.throw (G:\项目文件\开源库管理\RT-IM-demo\node_modules\koa\lib\context.js:97:11)
    at jwt (G:\项目文件\开源库管理\RT-IM-demo\node_modules\koa-jwt\lib\index.js:23:22)
    at G:\项目文件\开源库管理\RT-IM-demo\node_modules\koa-unless\index.js:29:12
    at dispatch (G:\项目文件\开源库管理\RT-IM-demo\node_modules\koa-compose\index.js:42:32)
    at serve (G:\项目文件\开源库管理\RT-IM-demo\node_modules\koa-static\index.js:53:15) {
  message: 'Authentication Error'
}
[2020-12-19T22:04:16.139] [ERROR] application - UnauthorizedError: Authentication Error
    at Object.throw (G:\项目文件\开源库管理\RT-IM-demo\node_modules\koa\lib\context.js:97:11)
    at jwt (G:\项目文件\开源库管理\RT-IM-demo\node_modules\koa-jwt\lib\index.js:23:22)
    at G:\项目文件\开源库管理\RT-IM-demo\node_modules\koa-unless\index.js:29:12
    at dispatch (G:\项目文件\开源库管理\RT-IM-demo\node_modules\koa-compose\index.js:42:32)
    at serve (G:\项目文件\开源库管理\RT-IM-demo\node_modules\koa-static\index.js:53:15) {
  message: 'Authentication Error'
}
[2020-12-19T22:04:16.598] [ERROR] application - UnauthorizedError: Authentication Error
    at Object.throw (G:\项目文件\开源库管理\RT-IM-demo\node_modules\koa\lib\context.js:97:11)
    at jwt (G:\项目文件\开源库管理\RT-IM-demo\node_modules\koa-jwt\lib\index.js:23:22)
    at G:\项目文件\开源库管理\RT-IM-demo\node_modules\koa-unless\index.js:29:12
    at dispatch (G:\项目文件\开源库管理\RT-IM-demo\node_modules\koa-compose\index.js:42:32)
    at serve (G:\项目文件\开源库管理\RT-IM-demo\node_modules\koa-static\index.js:53:15) {
  message: 'Authentication Error'
}
[2020-12-19T22:04:16.765] [ERROR] application - UnauthorizedError: Authentication Error
    at Object.throw (G:\项目文件\开源库管理\RT-IM-demo\node_modules\koa\lib\context.js:97:11)
    at jwt (G:\项目文件\开源库管理\RT-IM-demo\node_modules\koa-jwt\lib\index.js:23:22)
    at G:\项目文件\开源库管理\RT-IM-demo\node_modules\koa-unless\index.js:29:12
    at dispatch (G:\项目文件\开源库管理\RT-IM-demo\node_modules\koa-compose\index.js:42:32)
    at serve (G:\项目文件\开源库管理\RT-IM-demo\node_modules\koa-static\index.js:53:15) {
  message: 'Authentication Error'
}
[2020-12-19T22:04:16.929] [ERROR] application - UnauthorizedError: Authentication Error
    at Object.throw (G:\项目文件\开源库管理\RT-IM-demo\node_modules\koa\lib\context.js:97:11)
    at jwt (G:\项目文件\开源库管理\RT-IM-demo\node_modules\koa-jwt\lib\index.js:23:22)
    at G:\项目文件\开源库管理\RT-IM-demo\node_modules\koa-unless\index.js:29:12
    at dispatch (G:\项目文件\开源库管理\RT-IM-demo\node_modules\koa-compose\index.js:42:32)
    at serve (G:\项目文件\开源库管理\RT-IM-demo\node_modules\koa-static\index.js:53:15) {
  message: 'Authentication Error'
}
[2020-12-19T22:04:30.614] [ERROR] application - UnauthorizedError: Authentication Error
    at Object.throw (G:\项目文件\开源库管理\RT-IM-demo\node_modules\koa\lib\context.js:97:11)
    at jwt (G:\项目文件\开源库管理\RT-IM-demo\node_modules\koa-jwt\lib\index.js:23:22)
    at G:\项目文件\开源库管理\RT-IM-demo\node_modules\koa-unless\index.js:29:12
    at dispatch (G:\项目文件\开源库管理\RT-IM-demo\node_modules\koa-compose\index.js:42:32)
    at serve (G:\项目文件\开源库管理\RT-IM-demo\node_modules\koa-static\index.js:53:15) {
  message: 'Authentication Error'
}
[2020-12-19T22:04:33.175] [ERROR] application - UnauthorizedError: Authentication Error
    at Object.throw (G:\项目文件\开源库管理\RT-IM-demo\node_modules\koa\lib\context.js:97:11)
    at jwt (G:\项目文件\开源库管理\RT-IM-demo\node_modules\koa-jwt\lib\index.js:23:22)
    at G:\项目文件\开源库管理\RT-IM-demo\node_modules\koa-unless\index.js:29:12
    at dispatch (G:\项目文件\开源库管理\RT-IM-demo\node_modules\koa-compose\index.js:42:32)
    at serve (G:\项目文件\开源库管理\RT-IM-demo\node_modules\koa-static\index.js:53:15) {
  message: 'Authentication Error'
}
[2020-12-19T22:05:32.551] [ERROR] application - UnauthorizedError: Authentication Error
    at Object.throw (G:\项目文件\开源库管理\RT-IM-demo\node_modules\koa\lib\context.js:97:11)
    at jwt (G:\项目文件\开源库管理\RT-IM-demo\node_modules\koa-jwt\lib\index.js:23:22)
    at G:\项目文件\开源库管理\RT-IM-demo\node_modules\koa-unless\index.js:29:12
    at dispatch (G:\项目文件\开源库管理\RT-IM-demo\node_modules\koa-compose\index.js:42:32)
    at bodyParser (G:\项目文件\开源库管理\RT-IM-demo\node_modules\koa-bodyparser\index.js:95:11)
    at processTicksAndRejections (internal/process/task_queues.js:93:5)
    at G:\项目文件\开源库管理\RT-IM-demo\server\exception\index.ts:15:5 {
  message: 'Authentication Error'
}
