[2020-12-07T16:49:16.811] [ERROR] application - UnauthorizedError: 该用户已存在
    at Object.throw (C:\项目\开源库管理\RT-IM-demo\node_modules\koa\lib\context.js:97:11)
    at C:\项目\开源库管理\RT-IM-demo\server\routes\user.ts:14:12
    at processTicksAndRejections (internal/process/task_queues.js:93:5)
    at bodyParser (C:\项目\开源库管理\RT-IM-demo\node_modules\koa-bodyparser\index.js:95:5)
    at C:\项目\开源库管理\RT-IM-demo\server\exception\index.ts:15:5 {
  message: '该用户已存在'
}
[2020-12-07T16:49:20.688] [ERROR] application - UnauthorizedError: 该用户已存在
    at Object.throw (C:\项目\开源库管理\RT-IM-demo\node_modules\koa\lib\context.js:97:11)
    at C:\项目\开源库管理\RT-IM-demo\server\routes\user.ts:14:12
    at processTicksAndRejections (internal/process/task_queues.js:93:5)
    at bodyParser (C:\项目\开源库管理\RT-IM-demo\node_modules\koa-bodyparser\index.js:95:5)
    at C:\项目\开源库管理\RT-IM-demo\server\exception\index.ts:15:5 {
  message: '该用户已存在'
}
[2020-12-07T17:53:17.477] [ERROR] application - TypeError: Expected a string but received a undefined
    at assertString (C:\项目\开源库管理\RT-IM-demo\node_modules\validator\lib\util\assertString.js:17:11)
    at Object.isEmpty (C:\项目\开源库管理\RT-IM-demo\node_modules\validator\lib\isEmpty.js:19:29)
    at C:\项目\开源库管理\RT-IM-demo\server\routes\user.ts:17:11
    at processTicksAndRejections (internal/process/task_queues.js:93:5)
    at bodyParser (C:\项目\开源库管理\RT-IM-demo\node_modules\koa-bodyparser\index.js:95:5)
    at C:\项目\开源库管理\RT-IM-demo\server\exception\index.ts:15:5
[2020-12-07T17:54:03.044] [ERROR] application - UnauthorizedError: 头像为空
    at Object.throw (C:\项目\开源库管理\RT-IM-demo\node_modules\koa\lib\context.js:97:11)
    at C:\项目\开源库管理\RT-IM-demo\server\routes\user.ts:17:48
    at processTicksAndRejections (internal/process/task_queues.js:93:5)
    at bodyParser (C:\项目\开源库管理\RT-IM-demo\node_modules\koa-bodyparser\index.js:95:5)
    at C:\项目\开源库管理\RT-IM-demo\server\exception\index.ts:15:5 {
  message: '头像为空'
}
[2020-12-07T17:56:18.063] [ERROR] application - UnauthorizedError: 头像为空
    at Object.throw (C:\项目\开源库管理\RT-IM-demo\node_modules\koa\lib\context.js:97:11)
    at C:\项目\开源库管理\RT-IM-demo\server\routes\user.ts:17:48
    at processTicksAndRejections (internal/process/task_queues.js:93:5)
    at bodyParser (C:\项目\开源库管理\RT-IM-demo\node_modules\koa-bodyparser\index.js:95:5)
    at C:\项目\开源库管理\RT-IM-demo\server\exception\index.ts:15:5 {
  message: '头像为空'
}
[2020-12-07T17:56:21.447] [ERROR] application - UnauthorizedError: 头像为空
    at Object.throw (C:\项目\开源库管理\RT-IM-demo\node_modules\koa\lib\context.js:97:11)
    at C:\项目\开源库管理\RT-IM-demo\server\routes\user.ts:17:48
    at processTicksAndRejections (internal/process/task_queues.js:93:5)
    at bodyParser (C:\项目\开源库管理\RT-IM-demo\node_modules\koa-bodyparser\index.js:95:5)
    at C:\项目\开源库管理\RT-IM-demo\server\exception\index.ts:15:5 {
  message: '头像为空'
}
[2020-12-07T17:56:45.466] [ERROR] application - UnauthorizedError: 头像为空
    at Object.throw (C:\项目\开源库管理\RT-IM-demo\node_modules\koa\lib\context.js:97:11)
    at C:\项目\开源库管理\RT-IM-demo\server\routes\user.ts:17:48
    at processTicksAndRejections (internal/process/task_queues.js:93:5)
    at bodyParser (C:\项目\开源库管理\RT-IM-demo\node_modules\koa-bodyparser\index.js:95:5)
    at C:\项目\开源库管理\RT-IM-demo\server\exception\index.ts:15:5 {
  message: '头像为空'
}
[2020-12-07T17:58:57.586] [ERROR] application - Error: user validation failed: username: Path `username` is required.
    at ValidationError.inspect (C:\项目\开源库管理\RT-IM-demo\node_modules\mongoose\lib\error\validation.js:47:26)
    at formatValue (internal/util/inspect.js:563:31)
    at inspect (internal/util/inspect.js:221:10)
    at formatWithOptions (internal/util/inspect.js:1693:40)
    at Object.format (internal/util/inspect.js:1543:10)
    at basicLayout (C:\项目\开源库管理\RT-IM-demo\node_modules\log4js\lib\layouts.js:69:12)
    at app (C:\项目\开源库管理\RT-IM-demo\node_modules\log4js\lib\appenders\dateFile.js:30:19)
    at C:\项目\开源库管理\RT-IM-demo\node_modules\log4js\lib\log4js.js:42:5
    at Array.forEach (<anonymous>)
    at sendLogEventToAppender (C:\项目\开源库管理\RT-IM-demo\node_modules\log4js\lib\log4js.js:41:21)
    at C:\项目\开源库管理\RT-IM-demo\node_modules\log4js\lib\clustering.js:16:26
    at Array.forEach (<anonymous>)
    at sendToListeners (C:\项目\开源库管理\RT-IM-demo\node_modules\log4js\lib\clustering.js:16:13)
    at Object.send (C:\项目\开源库管理\RT-IM-demo\node_modules\log4js\lib\clustering.js:78:7)
    at Logger._log (C:\项目\开源库管理\RT-IM-demo\node_modules\log4js\lib\logger.js:56:16)
    at Logger.log (C:\项目\开源库管理\RT-IM-demo\node_modules\log4js\lib\logger.js:45:12) {
  errors: {
    username: ValidatorError: Path `username` is required.
        at validate (C:\项目\开源库管理\RT-IM-demo\node_modules\mongoose\lib\schematype.js:1257:13)
        at C:\项目\开源库管理\RT-IM-demo\node_modules\mongoose\lib\schematype.js:1240:7
        at Array.forEach (<anonymous>)
        at SchemaString.SchemaType.doValidate (C:\项目\开源库管理\RT-IM-demo\node_modules\mongoose\lib\schematype.js:1185:14)
        at C:\项目\开源库管理\RT-IM-demo\node_modules\mongoose\lib\document.js:2501:18
        at processTicksAndRejections (internal/process/task_queues.js:75:11) {
      properties: [Object],
      kind: 'required',
      path: 'username',
      value: undefined,
      reason: undefined,
      [Symbol(mongoose:validatorError)]: true
    }
  },
  _message: 'user validation failed'
}
[2020-12-07T17:59:18.223] [ERROR] application - UnauthorizedError: 账号为空
    at Object.throw (C:\项目\开源库管理\RT-IM-demo\node_modules\koa\lib\context.js:97:11)
    at C:\项目\开源库管理\RT-IM-demo\server\routes\user.ts:22:50
    at processTicksAndRejections (internal/process/task_queues.js:93:5)
    at bodyParser (C:\项目\开源库管理\RT-IM-demo\node_modules\koa-bodyparser\index.js:95:5)
    at C:\项目\开源库管理\RT-IM-demo\server\exception\index.ts:15:5 {
  message: '账号为空'
}
[2020-12-07T18:00:29.512] [ERROR] application - UnauthorizedError: 该用户已存在
    at Object.throw (C:\项目\开源库管理\RT-IM-demo\node_modules\koa\lib\context.js:97:11)
    at C:\项目\开源库管理\RT-IM-demo\server\routes\user.ts:20:25
    at processTicksAndRejections (internal/process/task_queues.js:93:5)
    at bodyParser (C:\项目\开源库管理\RT-IM-demo\node_modules\koa-bodyparser\index.js:95:5)
    at C:\项目\开源库管理\RT-IM-demo\server\exception\index.ts:15:5 {
  message: '该用户已存在'
}
