[2020-12-24T13:23:53.414] [ERROR] application - UnauthorizedError: Authentication Error
    at Object.throw (C:\项目\开源库管理\RT-IM-demo\node_modules\koa\lib\context.js:97:11)
    at jwt (C:\项目\开源库管理\RT-IM-demo\node_modules\koa-jwt\lib\index.js:23:22)
    at C:\项目\开源库管理\RT-IM-demo\node_modules\koa-unless\index.js:29:12
    at dispatch (C:\项目\开源库管理\RT-IM-demo\node_modules\koa-compose\index.js:42:32)
    at C:\项目\开源库管理\RT-IM-demo\node_modules\koa-mount\index.js:52:32
    at dispatch (C:\项目\开源库管理\RT-IM-demo\node_modules\koa-compose\index.js:42:32)
    at bodyParser (C:\项目\开源库管理\RT-IM-demo\node_modules\koa-bodyparser\index.js:95:11)
    at processTicksAndRejections (internal/process/task_queues.js:93:5)
    at C:\项目\开源库管理\RT-IM-demo\server\exception\index.ts:15:5 {
  message: 'Authentication Error'
}
[2020-12-24T13:23:53.430] [ERROR] application - UnauthorizedError: Authentication Error
    at Object.throw (C:\项目\开源库管理\RT-IM-demo\node_modules\koa\lib\context.js:97:11)
    at jwt (C:\项目\开源库管理\RT-IM-demo\node_modules\koa-jwt\lib\index.js:23:22)
    at C:\项目\开源库管理\RT-IM-demo\node_modules\koa-unless\index.js:29:12
    at dispatch (C:\项目\开源库管理\RT-IM-demo\node_modules\koa-compose\index.js:42:32)
    at C:\项目\开源库管理\RT-IM-demo\node_modules\koa-mount\index.js:52:32
    at dispatch (C:\项目\开源库管理\RT-IM-demo\node_modules\koa-compose\index.js:42:32)
    at bodyParser (C:\项目\开源库管理\RT-IM-demo\node_modules\koa-bodyparser\index.js:95:11)
    at processTicksAndRejections (internal/process/task_queues.js:93:5)
    at C:\项目\开源库管理\RT-IM-demo\server\exception\index.ts:15:5 {
  message: 'Authentication Error'
}
[2020-12-24T13:23:53.476] [ERROR] application - UnauthorizedError: Authentication Error
    at Object.throw (C:\项目\开源库管理\RT-IM-demo\node_modules\koa\lib\context.js:97:11)
    at jwt (C:\项目\开源库管理\RT-IM-demo\node_modules\koa-jwt\lib\index.js:23:22)
    at C:\项目\开源库管理\RT-IM-demo\node_modules\koa-unless\index.js:29:12
    at dispatch (C:\项目\开源库管理\RT-IM-demo\node_modules\koa-compose\index.js:42:32)
    at C:\项目\开源库管理\RT-IM-demo\node_modules\koa-mount\index.js:52:32
    at dispatch (C:\项目\开源库管理\RT-IM-demo\node_modules\koa-compose\index.js:42:32)
    at bodyParser (C:\项目\开源库管理\RT-IM-demo\node_modules\koa-bodyparser\index.js:95:11)
    at processTicksAndRejections (internal/process/task_queues.js:93:5)
    at C:\项目\开源库管理\RT-IM-demo\server\exception\index.ts:15:5 {
  message: 'Authentication Error'
}
[2020-12-24T13:23:53.554] [ERROR] application - UnauthorizedError: Authentication Error
    at Object.throw (C:\项目\开源库管理\RT-IM-demo\node_modules\koa\lib\context.js:97:11)
    at jwt (C:\项目\开源库管理\RT-IM-demo\node_modules\koa-jwt\lib\index.js:23:22)
    at C:\项目\开源库管理\RT-IM-demo\node_modules\koa-unless\index.js:29:12
    at dispatch (C:\项目\开源库管理\RT-IM-demo\node_modules\koa-compose\index.js:42:32)
    at C:\项目\开源库管理\RT-IM-demo\node_modules\koa-mount\index.js:52:32
    at dispatch (C:\项目\开源库管理\RT-IM-demo\node_modules\koa-compose\index.js:42:32)
    at bodyParser (C:\项目\开源库管理\RT-IM-demo\node_modules\koa-bodyparser\index.js:95:11)
    at processTicksAndRejections (internal/process/task_queues.js:93:5)
    at C:\项目\开源库管理\RT-IM-demo\server\exception\index.ts:15:5 {
  message: 'Authentication Error'
}
[2020-12-24T13:23:53.570] [ERROR] application - UnauthorizedError: Authentication Error
    at Object.throw (C:\项目\开源库管理\RT-IM-demo\node_modules\koa\lib\context.js:97:11)
    at jwt (C:\项目\开源库管理\RT-IM-demo\node_modules\koa-jwt\lib\index.js:23:22)
    at C:\项目\开源库管理\RT-IM-demo\node_modules\koa-unless\index.js:29:12
    at dispatch (C:\项目\开源库管理\RT-IM-demo\node_modules\koa-compose\index.js:42:32)
    at C:\项目\开源库管理\RT-IM-demo\node_modules\koa-mount\index.js:52:32
    at dispatch (C:\项目\开源库管理\RT-IM-demo\node_modules\koa-compose\index.js:42:32)
    at bodyParser (C:\项目\开源库管理\RT-IM-demo\node_modules\koa-bodyparser\index.js:95:11)
    at processTicksAndRejections (internal/process/task_queues.js:93:5)
    at C:\项目\开源库管理\RT-IM-demo\server\exception\index.ts:15:5 {
  message: 'Authentication Error'
}
[2020-12-24T13:23:53.584] [ERROR] application - UnauthorizedError: Authentication Error
    at Object.throw (C:\项目\开源库管理\RT-IM-demo\node_modules\koa\lib\context.js:97:11)
    at jwt (C:\项目\开源库管理\RT-IM-demo\node_modules\koa-jwt\lib\index.js:23:22)
    at C:\项目\开源库管理\RT-IM-demo\node_modules\koa-unless\index.js:29:12
    at dispatch (C:\项目\开源库管理\RT-IM-demo\node_modules\koa-compose\index.js:42:32)
    at C:\项目\开源库管理\RT-IM-demo\node_modules\koa-mount\index.js:52:32
    at dispatch (C:\项目\开源库管理\RT-IM-demo\node_modules\koa-compose\index.js:42:32)
    at bodyParser (C:\项目\开源库管理\RT-IM-demo\node_modules\koa-bodyparser\index.js:95:11)
    at processTicksAndRejections (internal/process/task_queues.js:93:5)
    at C:\项目\开源库管理\RT-IM-demo\server\exception\index.ts:15:5 {
  message: 'Authentication Error'
}
[2020-12-24T13:23:53.602] [ERROR] application - UnauthorizedError: Authentication Error
    at Object.throw (C:\项目\开源库管理\RT-IM-demo\node_modules\koa\lib\context.js:97:11)
    at jwt (C:\项目\开源库管理\RT-IM-demo\node_modules\koa-jwt\lib\index.js:23:22)
    at C:\项目\开源库管理\RT-IM-demo\node_modules\koa-unless\index.js:29:12
    at dispatch (C:\项目\开源库管理\RT-IM-demo\node_modules\koa-compose\index.js:42:32)
    at C:\项目\开源库管理\RT-IM-demo\node_modules\koa-mount\index.js:52:32
    at dispatch (C:\项目\开源库管理\RT-IM-demo\node_modules\koa-compose\index.js:42:32)
    at bodyParser (C:\项目\开源库管理\RT-IM-demo\node_modules\koa-bodyparser\index.js:95:11)
    at processTicksAndRejections (internal/process/task_queues.js:93:5)
    at C:\项目\开源库管理\RT-IM-demo\server\exception\index.ts:15:5 {
  message: 'Authentication Error'
}
[2020-12-24T13:23:53.619] [ERROR] application - UnauthorizedError: Authentication Error
    at Object.throw (C:\项目\开源库管理\RT-IM-demo\node_modules\koa\lib\context.js:97:11)
    at jwt (C:\项目\开源库管理\RT-IM-demo\node_modules\koa-jwt\lib\index.js:23:22)
    at C:\项目\开源库管理\RT-IM-demo\node_modules\koa-unless\index.js:29:12
    at dispatch (C:\项目\开源库管理\RT-IM-demo\node_modules\koa-compose\index.js:42:32)
    at C:\项目\开源库管理\RT-IM-demo\node_modules\koa-mount\index.js:52:32
    at dispatch (C:\项目\开源库管理\RT-IM-demo\node_modules\koa-compose\index.js:42:32)
    at bodyParser (C:\项目\开源库管理\RT-IM-demo\node_modules\koa-bodyparser\index.js:95:11)
    at processTicksAndRejections (internal/process/task_queues.js:93:5)
    at C:\项目\开源库管理\RT-IM-demo\server\exception\index.ts:15:5 {
  message: 'Authentication Error'
}
[2020-12-24T13:23:53.627] [ERROR] application - UnauthorizedError: Authentication Error
    at Object.throw (C:\项目\开源库管理\RT-IM-demo\node_modules\koa\lib\context.js:97:11)
    at jwt (C:\项目\开源库管理\RT-IM-demo\node_modules\koa-jwt\lib\index.js:23:22)
    at C:\项目\开源库管理\RT-IM-demo\node_modules\koa-unless\index.js:29:12
    at dispatch (C:\项目\开源库管理\RT-IM-demo\node_modules\koa-compose\index.js:42:32)
    at C:\项目\开源库管理\RT-IM-demo\node_modules\koa-mount\index.js:52:32
    at dispatch (C:\项目\开源库管理\RT-IM-demo\node_modules\koa-compose\index.js:42:32)
    at bodyParser (C:\项目\开源库管理\RT-IM-demo\node_modules\koa-bodyparser\index.js:95:11)
    at processTicksAndRejections (internal/process/task_queues.js:93:5)
    at C:\项目\开源库管理\RT-IM-demo\server\exception\index.ts:15:5 {
  message: 'Authentication Error'
}
[2020-12-24T13:23:53.678] [ERROR] application - UnauthorizedError: Authentication Error
    at Object.throw (C:\项目\开源库管理\RT-IM-demo\node_modules\koa\lib\context.js:97:11)
    at jwt (C:\项目\开源库管理\RT-IM-demo\node_modules\koa-jwt\lib\index.js:23:22)
    at C:\项目\开源库管理\RT-IM-demo\node_modules\koa-unless\index.js:29:12
    at dispatch (C:\项目\开源库管理\RT-IM-demo\node_modules\koa-compose\index.js:42:32)
    at C:\项目\开源库管理\RT-IM-demo\node_modules\koa-mount\index.js:52:32
    at dispatch (C:\项目\开源库管理\RT-IM-demo\node_modules\koa-compose\index.js:42:32)
    at bodyParser (C:\项目\开源库管理\RT-IM-demo\node_modules\koa-bodyparser\index.js:95:11)
    at processTicksAndRejections (internal/process/task_queues.js:93:5)
    at C:\项目\开源库管理\RT-IM-demo\server\exception\index.ts:15:5 {
  message: 'Authentication Error'
}
[2020-12-24T13:23:54.101] [ERROR] application - UnauthorizedError: Authentication Error
    at Object.throw (C:\项目\开源库管理\RT-IM-demo\node_modules\koa\lib\context.js:97:11)
    at jwt (C:\项目\开源库管理\RT-IM-demo\node_modules\koa-jwt\lib\index.js:23:22)
    at C:\项目\开源库管理\RT-IM-demo\node_modules\koa-unless\index.js:29:12
    at dispatch (C:\项目\开源库管理\RT-IM-demo\node_modules\koa-compose\index.js:42:32)
    at C:\项目\开源库管理\RT-IM-demo\node_modules\koa-mount\index.js:52:32
    at dispatch (C:\项目\开源库管理\RT-IM-demo\node_modules\koa-compose\index.js:42:32)
    at bodyParser (C:\项目\开源库管理\RT-IM-demo\node_modules\koa-bodyparser\index.js:95:11)
    at processTicksAndRejections (internal/process/task_queues.js:93:5)
    at C:\项目\开源库管理\RT-IM-demo\server\exception\index.ts:15:5 {
  message: 'Authentication Error'
}
[2020-12-24T13:23:58.451] [ERROR] application - UnauthorizedError: Authentication Error
    at Object.throw (C:\项目\开源库管理\RT-IM-demo\node_modules\koa\lib\context.js:97:11)
    at jwt (C:\项目\开源库管理\RT-IM-demo\node_modules\koa-jwt\lib\index.js:23:22)
    at C:\项目\开源库管理\RT-IM-demo\node_modules\koa-unless\index.js:29:12
    at dispatch (C:\项目\开源库管理\RT-IM-demo\node_modules\koa-compose\index.js:42:32)
    at C:\项目\开源库管理\RT-IM-demo\node_modules\koa-mount\index.js:52:32
    at dispatch (C:\项目\开源库管理\RT-IM-demo\node_modules\koa-compose\index.js:42:32)
    at bodyParser (C:\项目\开源库管理\RT-IM-demo\node_modules\koa-bodyparser\index.js:95:11)
    at processTicksAndRejections (internal/process/task_queues.js:93:5)
    at C:\项目\开源库管理\RT-IM-demo\server\exception\index.ts:15:5 {
  message: 'Authentication Error'
}
[2020-12-24T13:23:59.107] [ERROR] application - UnauthorizedError: Authentication Error
    at Object.throw (C:\项目\开源库管理\RT-IM-demo\node_modules\koa\lib\context.js:97:11)
    at jwt (C:\项目\开源库管理\RT-IM-demo\node_modules\koa-jwt\lib\index.js:23:22)
    at C:\项目\开源库管理\RT-IM-demo\node_modules\koa-unless\index.js:29:12
    at dispatch (C:\项目\开源库管理\RT-IM-demo\node_modules\koa-compose\index.js:42:32)
    at C:\项目\开源库管理\RT-IM-demo\node_modules\koa-mount\index.js:52:32
    at dispatch (C:\项目\开源库管理\RT-IM-demo\node_modules\koa-compose\index.js:42:32)
    at bodyParser (C:\项目\开源库管理\RT-IM-demo\node_modules\koa-bodyparser\index.js:95:11)
    at processTicksAndRejections (internal/process/task_queues.js:93:5)
    at C:\项目\开源库管理\RT-IM-demo\server\exception\index.ts:15:5 {
  message: 'Authentication Error'
}
[2020-12-24T13:24:05.660] [ERROR] application - UnauthorizedError: Authentication Error
    at Object.throw (C:\项目\开源库管理\RT-IM-demo\node_modules\koa\lib\context.js:97:11)
    at jwt (C:\项目\开源库管理\RT-IM-demo\node_modules\koa-jwt\lib\index.js:23:22)
    at C:\项目\开源库管理\RT-IM-demo\node_modules\koa-unless\index.js:29:12
    at dispatch (C:\项目\开源库管理\RT-IM-demo\node_modules\koa-compose\index.js:42:32)
    at C:\项目\开源库管理\RT-IM-demo\node_modules\koa-mount\index.js:52:32
    at dispatch (C:\项目\开源库管理\RT-IM-demo\node_modules\koa-compose\index.js:42:32)
    at bodyParser (C:\项目\开源库管理\RT-IM-demo\node_modules\koa-bodyparser\index.js:95:11)
    at processTicksAndRejections (internal/process/task_queues.js:93:5)
    at C:\项目\开源库管理\RT-IM-demo\server\exception\index.ts:15:5 {
  message: 'Authentication Error'
}
[2020-12-24T13:24:06.195] [ERROR] application - UnauthorizedError: Authentication Error
    at Object.throw (C:\项目\开源库管理\RT-IM-demo\node_modules\koa\lib\context.js:97:11)
    at jwt (C:\项目\开源库管理\RT-IM-demo\node_modules\koa-jwt\lib\index.js:23:22)
    at C:\项目\开源库管理\RT-IM-demo\node_modules\koa-unless\index.js:29:12
    at dispatch (C:\项目\开源库管理\RT-IM-demo\node_modules\koa-compose\index.js:42:32)
    at C:\项目\开源库管理\RT-IM-demo\node_modules\koa-mount\index.js:52:32
    at dispatch (C:\项目\开源库管理\RT-IM-demo\node_modules\koa-compose\index.js:42:32)
    at bodyParser (C:\项目\开源库管理\RT-IM-demo\node_modules\koa-bodyparser\index.js:95:11)
    at processTicksAndRejections (internal/process/task_queues.js:93:5)
    at C:\项目\开源库管理\RT-IM-demo\server\exception\index.ts:15:5 {
  message: 'Authentication Error'
}
[2020-12-24T13:34:36.886] [ERROR] application - TokenExpiredError: jwt expired
    at C:\项目\开源库管理\RT-IM-demo\node_modules\jsonwebtoken\verify.js:152:21
    at getSecret (C:\项目\开源库管理\RT-IM-demo\node_modules\jsonwebtoken\verify.js:90:14)
    at Object.module.exports [as verify] (C:\项目\开源库管理\RT-IM-demo\node_modules\jsonwebtoken\verify.js:94:10)
    at C:\项目\开源库管理\RT-IM-demo\server\routes\user.ts:35:23
    at dispatch (C:\项目\开源库管理\RT-IM-demo\node_modules\koa-compose\index.js:42:32)
    at C:\项目\开源库管理\RT-IM-demo\node_modules\koa-router\lib\router.js:372:16
    at dispatch (C:\项目\开源库管理\RT-IM-demo\node_modules\koa-compose\index.js:42:32)
    at C:\项目\开源库管理\RT-IM-demo\node_modules\koa-compose\index.js:34:12
    at dispatch (C:\项目\开源库管理\RT-IM-demo\node_modules\koa-router\lib\router.js:377:31)
    at dispatch (C:\项目\开源库管理\RT-IM-demo\node_modules\koa-compose\index.js:42:32)
    at C:\项目\开源库管理\RT-IM-demo\node_modules\koa-unless\index.js:26:14
    at dispatch (C:\项目\开源库管理\RT-IM-demo\node_modules\koa-compose\index.js:42:32)
    at C:\项目\开源库管理\RT-IM-demo\node_modules\koa-mount\index.js:52:32
    at dispatch (C:\项目\开源库管理\RT-IM-demo\node_modules\koa-compose\index.js:42:32)
    at bodyParser (C:\项目\开源库管理\RT-IM-demo\node_modules\koa-bodyparser\index.js:95:11)
    at processTicksAndRejections (internal/process/task_queues.js:93:5) {
  name: 'TokenExpiredError',
  message: 'jwt expired',
  expiredAt: 2020-12-19T11:02:02.000Z
}
[2020-12-24T13:41:56.923] [ERROR] application - UnauthorizedError: Authentication Error
    at Object.throw (C:\项目\开源库管理\RT-IM-demo\node_modules\koa\lib\context.js:97:11)
    at jwt (C:\项目\开源库管理\RT-IM-demo\node_modules\koa-jwt\lib\index.js:66:26)
    at processTicksAndRejections (internal/process/task_queues.js:93:5) {
  message: 'Authentication Error',
  originalError: JsonWebTokenError: jwt malformed
      at Object.module.exports [as verify] (C:\项目\开源库管理\RT-IM-demo\node_modules\jsonwebtoken\verify.js:63:17)
      at C:\项目\开源库管理\RT-IM-demo\node_modules\koa-jwt\lib\verify.js:5:23
      at new Promise (<anonymous>)
      at module.exports (C:\项目\开源库管理\RT-IM-demo\node_modules\koa-jwt\lib\verify.js:4:12)
      at C:\项目\开源库管理\RT-IM-demo\node_modules\koa-jwt\lib\index.js:38:64
      at Array.map (<anonymous>)
      at jwt (C:\项目\开源库管理\RT-IM-demo\node_modules\koa-jwt\lib\index.js:38:43)
      at C:\项目\开源库管理\RT-IM-demo\node_modules\koa-unless\index.js:29:12
      at dispatch (C:\项目\开源库管理\RT-IM-demo\node_modules\koa-compose\index.js:42:32)
      at C:\项目\开源库管理\RT-IM-demo\node_modules\koa-mount\index.js:52:32
      at dispatch (C:\项目\开源库管理\RT-IM-demo\node_modules\koa-compose\index.js:42:32)
      at bodyParser (C:\项目\开源库管理\RT-IM-demo\node_modules\koa-bodyparser\index.js:95:11)
      at processTicksAndRejections (internal/process/task_queues.js:93:5)
      at C:\项目\开源库管理\RT-IM-demo\server\exception\index.ts:15:5 {
    name: 'JsonWebTokenError',
    message: 'jwt malformed'
  }
}
[2020-12-24T13:42:39.135] [ERROR] application - UnauthorizedError: Authentication Error
    at Object.throw (C:\项目\开源库管理\RT-IM-demo\node_modules\koa\lib\context.js:97:11)
    at jwt (C:\项目\开源库管理\RT-IM-demo\node_modules\koa-jwt\lib\index.js:66:26)
    at processTicksAndRejections (internal/process/task_queues.js:93:5) {
  message: 'Authentication Error',
  originalError: JsonWebTokenError: jwt malformed
      at Object.module.exports [as verify] (C:\项目\开源库管理\RT-IM-demo\node_modules\jsonwebtoken\verify.js:63:17)
      at C:\项目\开源库管理\RT-IM-demo\node_modules\koa-jwt\lib\verify.js:5:23
      at new Promise (<anonymous>)
      at module.exports (C:\项目\开源库管理\RT-IM-demo\node_modules\koa-jwt\lib\verify.js:4:12)
      at C:\项目\开源库管理\RT-IM-demo\node_modules\koa-jwt\lib\index.js:38:64
      at Array.map (<anonymous>)
      at jwt (C:\项目\开源库管理\RT-IM-demo\node_modules\koa-jwt\lib\index.js:38:43)
      at C:\项目\开源库管理\RT-IM-demo\node_modules\koa-unless\index.js:29:12
      at dispatch (C:\项目\开源库管理\RT-IM-demo\node_modules\koa-compose\index.js:42:32)
      at C:\项目\开源库管理\RT-IM-demo\node_modules\koa-mount\index.js:52:32
      at dispatch (C:\项目\开源库管理\RT-IM-demo\node_modules\koa-compose\index.js:42:32)
      at bodyParser (C:\项目\开源库管理\RT-IM-demo\node_modules\koa-bodyparser\index.js:95:11)
      at processTicksAndRejections (internal/process/task_queues.js:93:5)
      at C:\项目\开源库管理\RT-IM-demo\server\exception\index.ts:15:5 {
    name: 'JsonWebTokenError',
    message: 'jwt malformed'
  }
}
[2020-12-24T13:43:21.547] [ERROR] application - UnauthorizedError: Bad Authorization header format. Format is "Authorization: Bearer <token>"
    at Object.throw (C:\项目\开源库管理\RT-IM-demo\node_modules\koa\lib\context.js:97:11)
    at resolveAuthorizationHeader (C:\项目\开源库管理\RT-IM-demo\node_modules\koa-jwt\lib\resolvers\auth-header.js:26:18)
    at C:\项目\开源库管理\RT-IM-demo\node_modules\koa-jwt\lib\index.js:20:49
    at Array.find (<anonymous>)
    at jwt (C:\项目\开源库管理\RT-IM-demo\node_modules\koa-jwt\lib\index.js:20:24)
    at C:\项目\开源库管理\RT-IM-demo\node_modules\koa-unless\index.js:29:12
    at dispatch (C:\项目\开源库管理\RT-IM-demo\node_modules\koa-compose\index.js:42:32)
    at C:\项目\开源库管理\RT-IM-demo\node_modules\koa-mount\index.js:52:32
    at dispatch (C:\项目\开源库管理\RT-IM-demo\node_modules\koa-compose\index.js:42:32)
    at bodyParser (C:\项目\开源库管理\RT-IM-demo\node_modules\koa-bodyparser\index.js:95:11)
    at processTicksAndRejections (internal/process/task_queues.js:93:5)
    at C:\项目\开源库管理\RT-IM-demo\server\exception\index.ts:15:5 {
  message: 'Bad Authorization header format. Format is "Authorization: Bearer <token>"'
}
[2020-12-24T13:43:38.808] [ERROR] application - UnauthorizedError: Bad Authorization header format. Format is "Authorization: Bearer <token>"
    at Object.throw (C:\项目\开源库管理\RT-IM-demo\node_modules\koa\lib\context.js:97:11)
    at resolveAuthorizationHeader (C:\项目\开源库管理\RT-IM-demo\node_modules\koa-jwt\lib\resolvers\auth-header.js:26:18)
    at C:\项目\开源库管理\RT-IM-demo\node_modules\koa-jwt\lib\index.js:20:49
    at Array.find (<anonymous>)
    at jwt (C:\项目\开源库管理\RT-IM-demo\node_modules\koa-jwt\lib\index.js:20:24)
    at C:\项目\开源库管理\RT-IM-demo\node_modules\koa-unless\index.js:29:12
    at dispatch (C:\项目\开源库管理\RT-IM-demo\node_modules\koa-compose\index.js:42:32)
    at C:\项目\开源库管理\RT-IM-demo\node_modules\koa-mount\index.js:52:32
    at dispatch (C:\项目\开源库管理\RT-IM-demo\node_modules\koa-compose\index.js:42:32)
    at bodyParser (C:\项目\开源库管理\RT-IM-demo\node_modules\koa-bodyparser\index.js:95:11)
    at processTicksAndRejections (internal/process/task_queues.js:93:5)
    at C:\项目\开源库管理\RT-IM-demo\server\exception\index.ts:15:5 {
  message: 'Bad Authorization header format. Format is "Authorization: Bearer <token>"'
}
[2020-12-24T13:43:56.366] [ERROR] application - UnauthorizedError: Bad Authorization header format. Format is "Authorization: Bearer <token>"
    at Object.throw (C:\项目\开源库管理\RT-IM-demo\node_modules\koa\lib\context.js:97:11)
    at resolveAuthorizationHeader (C:\项目\开源库管理\RT-IM-demo\node_modules\koa-jwt\lib\resolvers\auth-header.js:26:18)
    at C:\项目\开源库管理\RT-IM-demo\node_modules\koa-jwt\lib\index.js:20:49
    at Array.find (<anonymous>)
    at jwt (C:\项目\开源库管理\RT-IM-demo\node_modules\koa-jwt\lib\index.js:20:24)
    at C:\项目\开源库管理\RT-IM-demo\node_modules\koa-unless\index.js:29:12
    at dispatch (C:\项目\开源库管理\RT-IM-demo\node_modules\koa-compose\index.js:42:32)
    at C:\项目\开源库管理\RT-IM-demo\node_modules\koa-mount\index.js:52:32
    at dispatch (C:\项目\开源库管理\RT-IM-demo\node_modules\koa-compose\index.js:42:32)
    at bodyParser (C:\项目\开源库管理\RT-IM-demo\node_modules\koa-bodyparser\index.js:95:11)
    at processTicksAndRejections (internal/process/task_queues.js:93:5)
    at C:\项目\开源库管理\RT-IM-demo\server\exception\index.ts:15:5 {
  message: 'Bad Authorization header format. Format is "Authorization: Bearer <token>"'
}
[2020-12-24T13:44:03.810] [ERROR] application - UnauthorizedError: Bad Authorization header format. Format is "Authorization: Bearer <token>"
    at Object.throw (C:\项目\开源库管理\RT-IM-demo\node_modules\koa\lib\context.js:97:11)
    at resolveAuthorizationHeader (C:\项目\开源库管理\RT-IM-demo\node_modules\koa-jwt\lib\resolvers\auth-header.js:26:18)
    at C:\项目\开源库管理\RT-IM-demo\node_modules\koa-jwt\lib\index.js:20:49
    at Array.find (<anonymous>)
    at jwt (C:\项目\开源库管理\RT-IM-demo\node_modules\koa-jwt\lib\index.js:20:24)
    at C:\项目\开源库管理\RT-IM-demo\node_modules\koa-unless\index.js:29:12
    at dispatch (C:\项目\开源库管理\RT-IM-demo\node_modules\koa-compose\index.js:42:32)
    at C:\项目\开源库管理\RT-IM-demo\node_modules\koa-mount\index.js:52:32
    at dispatch (C:\项目\开源库管理\RT-IM-demo\node_modules\koa-compose\index.js:42:32)
    at bodyParser (C:\项目\开源库管理\RT-IM-demo\node_modules\koa-bodyparser\index.js:95:11)
    at processTicksAndRejections (internal/process/task_queues.js:93:5)
    at C:\项目\开源库管理\RT-IM-demo\server\exception\index.ts:15:5 {
  message: 'Bad Authorization header format. Format is "Authorization: Bearer <token>"'
}
[2020-12-24T13:44:07.255] [ERROR] application - UnauthorizedError: Bad Authorization header format. Format is "Authorization: Bearer <token>"
    at Object.throw (C:\项目\开源库管理\RT-IM-demo\node_modules\koa\lib\context.js:97:11)
    at resolveAuthorizationHeader (C:\项目\开源库管理\RT-IM-demo\node_modules\koa-jwt\lib\resolvers\auth-header.js:26:18)
    at C:\项目\开源库管理\RT-IM-demo\node_modules\koa-jwt\lib\index.js:20:49
    at Array.find (<anonymous>)
    at jwt (C:\项目\开源库管理\RT-IM-demo\node_modules\koa-jwt\lib\index.js:20:24)
    at C:\项目\开源库管理\RT-IM-demo\node_modules\koa-unless\index.js:29:12
    at dispatch (C:\项目\开源库管理\RT-IM-demo\node_modules\koa-compose\index.js:42:32)
    at C:\项目\开源库管理\RT-IM-demo\node_modules\koa-mount\index.js:52:32
    at dispatch (C:\项目\开源库管理\RT-IM-demo\node_modules\koa-compose\index.js:42:32)
    at bodyParser (C:\项目\开源库管理\RT-IM-demo\node_modules\koa-bodyparser\index.js:95:11)
    at processTicksAndRejections (internal/process/task_queues.js:93:5)
    at C:\项目\开源库管理\RT-IM-demo\server\exception\index.ts:15:5 {
  message: 'Bad Authorization header format. Format is "Authorization: Bearer <token>"'
}
[2020-12-24T13:44:11.313] [ERROR] application - UnauthorizedError: Bad Authorization header format. Format is "Authorization: Bearer <token>"
    at Object.throw (C:\项目\开源库管理\RT-IM-demo\node_modules\koa\lib\context.js:97:11)
    at resolveAuthorizationHeader (C:\项目\开源库管理\RT-IM-demo\node_modules\koa-jwt\lib\resolvers\auth-header.js:26:18)
    at C:\项目\开源库管理\RT-IM-demo\node_modules\koa-jwt\lib\index.js:20:49
    at Array.find (<anonymous>)
    at jwt (C:\项目\开源库管理\RT-IM-demo\node_modules\koa-jwt\lib\index.js:20:24)
    at C:\项目\开源库管理\RT-IM-demo\node_modules\koa-unless\index.js:29:12
    at dispatch (C:\项目\开源库管理\RT-IM-demo\node_modules\koa-compose\index.js:42:32)
    at C:\项目\开源库管理\RT-IM-demo\node_modules\koa-mount\index.js:52:32
    at dispatch (C:\项目\开源库管理\RT-IM-demo\node_modules\koa-compose\index.js:42:32)
    at bodyParser (C:\项目\开源库管理\RT-IM-demo\node_modules\koa-bodyparser\index.js:95:11)
    at processTicksAndRejections (internal/process/task_queues.js:93:5)
    at C:\项目\开源库管理\RT-IM-demo\server\exception\index.ts:15:5 {
  message: 'Bad Authorization header format. Format is "Authorization: Bearer <token>"'
}
[2020-12-24T13:44:25.240] [ERROR] application - UnauthorizedError: Authentication Error
    at Object.throw (C:\项目\开源库管理\RT-IM-demo\node_modules\koa\lib\context.js:97:11)
    at jwt (C:\项目\开源库管理\RT-IM-demo\node_modules\koa-jwt\lib\index.js:66:26)
    at processTicksAndRejections (internal/process/task_queues.js:93:5) {
  message: 'Authentication Error',
  originalError: JsonWebTokenError: invalid signature
      at C:\项目\开源库管理\RT-IM-demo\node_modules\jsonwebtoken\verify.js:133:19
      at getSecret (C:\项目\开源库管理\RT-IM-demo\node_modules\jsonwebtoken\verify.js:90:14)
      at Object.module.exports [as verify] (C:\项目\开源库管理\RT-IM-demo\node_modules\jsonwebtoken\verify.js:94:10)
      at C:\项目\开源库管理\RT-IM-demo\node_modules\koa-jwt\lib\verify.js:5:23
      at new Promise (<anonymous>)
      at module.exports (C:\项目\开源库管理\RT-IM-demo\node_modules\koa-jwt\lib\verify.js:4:12)
      at C:\项目\开源库管理\RT-IM-demo\node_modules\koa-jwt\lib\index.js:38:64
      at Array.map (<anonymous>)
      at jwt (C:\项目\开源库管理\RT-IM-demo\node_modules\koa-jwt\lib\index.js:38:43)
      at C:\项目\开源库管理\RT-IM-demo\node_modules\koa-unless\index.js:29:12
      at dispatch (C:\项目\开源库管理\RT-IM-demo\node_modules\koa-compose\index.js:42:32)
      at C:\项目\开源库管理\RT-IM-demo\node_modules\koa-mount\index.js:52:32
      at dispatch (C:\项目\开源库管理\RT-IM-demo\node_modules\koa-compose\index.js:42:32)
      at bodyParser (C:\项目\开源库管理\RT-IM-demo\node_modules\koa-bodyparser\index.js:95:11)
      at processTicksAndRejections (internal/process/task_queues.js:93:5)
      at C:\项目\开源库管理\RT-IM-demo\server\exception\index.ts:15:5 {
    name: 'JsonWebTokenError',
    message: 'invalid signature'
  }
}
[2020-12-24T13:44:43.569] [ERROR] application - UnauthorizedError: Bad Authorization header format. Format is "Authorization: Bearer <token>"
    at Object.throw (C:\项目\开源库管理\RT-IM-demo\node_modules\koa\lib\context.js:97:11)
    at resolveAuthorizationHeader (C:\项目\开源库管理\RT-IM-demo\node_modules\koa-jwt\lib\resolvers\auth-header.js:26:18)
    at C:\项目\开源库管理\RT-IM-demo\node_modules\koa-jwt\lib\index.js:20:49
    at Array.find (<anonymous>)
    at jwt (C:\项目\开源库管理\RT-IM-demo\node_modules\koa-jwt\lib\index.js:20:24)
    at C:\项目\开源库管理\RT-IM-demo\node_modules\koa-unless\index.js:29:12
    at dispatch (C:\项目\开源库管理\RT-IM-demo\node_modules\koa-compose\index.js:42:32)
    at C:\项目\开源库管理\RT-IM-demo\node_modules\koa-mount\index.js:52:32
    at dispatch (C:\项目\开源库管理\RT-IM-demo\node_modules\koa-compose\index.js:42:32)
    at bodyParser (C:\项目\开源库管理\RT-IM-demo\node_modules\koa-bodyparser\index.js:95:11)
    at processTicksAndRejections (internal/process/task_queues.js:93:5)
    at C:\项目\开源库管理\RT-IM-demo\server\exception\index.ts:15:5 {
  message: 'Bad Authorization header format. Format is "Authorization: Bearer <token>"'
}
[2020-12-24T13:45:11.851] [ERROR] application - UnauthorizedError: Bad Authorization header format. Format is "Authorization: Bearer <token>"
    at Object.throw (C:\项目\开源库管理\RT-IM-demo\node_modules\koa\lib\context.js:97:11)
    at resolveAuthorizationHeader (C:\项目\开源库管理\RT-IM-demo\node_modules\koa-jwt\lib\resolvers\auth-header.js:26:18)
    at C:\项目\开源库管理\RT-IM-demo\node_modules\koa-jwt\lib\index.js:20:49
    at Array.find (<anonymous>)
    at jwt (C:\项目\开源库管理\RT-IM-demo\node_modules\koa-jwt\lib\index.js:20:24)
    at C:\项目\开源库管理\RT-IM-demo\node_modules\koa-unless\index.js:29:12
    at dispatch (C:\项目\开源库管理\RT-IM-demo\node_modules\koa-compose\index.js:42:32)
    at C:\项目\开源库管理\RT-IM-demo\node_modules\koa-mount\index.js:52:32
    at dispatch (C:\项目\开源库管理\RT-IM-demo\node_modules\koa-compose\index.js:42:32)
    at bodyParser (C:\项目\开源库管理\RT-IM-demo\node_modules\koa-bodyparser\index.js:95:11)
    at processTicksAndRejections (internal/process/task_queues.js:93:5)
    at C:\项目\开源库管理\RT-IM-demo\server\exception\index.ts:15:5 {
  message: 'Bad Authorization header format. Format is "Authorization: Bearer <token>"'
}
[2020-12-24T13:46:21.433] [ERROR] application - UnauthorizedError: Bad Authorization header format. Format is "Authorization: Bearer <token>"
    at Object.throw (C:\项目\开源库管理\RT-IM-demo\node_modules\koa\lib\context.js:97:11)
    at resolveAuthorizationHeader (C:\项目\开源库管理\RT-IM-demo\node_modules\koa-jwt\lib\resolvers\auth-header.js:26:18)
    at C:\项目\开源库管理\RT-IM-demo\node_modules\koa-jwt\lib\index.js:20:49
    at Array.find (<anonymous>)
    at jwt (C:\项目\开源库管理\RT-IM-demo\node_modules\koa-jwt\lib\index.js:20:24)
    at C:\项目\开源库管理\RT-IM-demo\node_modules\koa-unless\index.js:29:12
    at dispatch (C:\项目\开源库管理\RT-IM-demo\node_modules\koa-compose\index.js:42:32)
    at C:\项目\开源库管理\RT-IM-demo\node_modules\koa-mount\index.js:52:32
    at dispatch (C:\项目\开源库管理\RT-IM-demo\node_modules\koa-compose\index.js:42:32)
    at bodyParser (C:\项目\开源库管理\RT-IM-demo\node_modules\koa-bodyparser\index.js:95:11)
    at processTicksAndRejections (internal/process/task_queues.js:93:5)
    at C:\项目\开源库管理\RT-IM-demo\server\exception\index.ts:15:5 {
  message: 'Bad Authorization header format. Format is "Authorization: Bearer <token>"'
}
[2020-12-24T15:14:33.158] [ERROR] application - UnauthorizedError: Authentication Error
    at Object.throw (C:\项目\开源库管理\RT-IM-demo\node_modules\koa\lib\context.js:97:11)
    at jwt (C:\项目\开源库管理\RT-IM-demo\node_modules\koa-jwt\lib\index.js:66:26)
    at processTicksAndRejections (internal/process/task_queues.js:93:5) {
  message: 'Authentication Error',
  originalError: TokenExpiredError: jwt expired
      at C:\项目\开源库管理\RT-IM-demo\node_modules\jsonwebtoken\verify.js:152:21
      at getSecret (C:\项目\开源库管理\RT-IM-demo\node_modules\jsonwebtoken\verify.js:90:14)
      at Object.module.exports [as verify] (C:\项目\开源库管理\RT-IM-demo\node_modules\jsonwebtoken\verify.js:94:10)
      at C:\项目\开源库管理\RT-IM-demo\node_modules\koa-jwt\lib\verify.js:5:23
      at new Promise (<anonymous>)
      at module.exports (C:\项目\开源库管理\RT-IM-demo\node_modules\koa-jwt\lib\verify.js:4:12)
      at C:\项目\开源库管理\RT-IM-demo\node_modules\koa-jwt\lib\index.js:38:64
      at Array.map (<anonymous>)
      at jwt (C:\项目\开源库管理\RT-IM-demo\node_modules\koa-jwt\lib\index.js:38:43)
      at C:\项目\开源库管理\RT-IM-demo\node_modules\koa-unless\index.js:29:12
      at dispatch (C:\项目\开源库管理\RT-IM-demo\node_modules\koa-compose\index.js:42:32)
      at C:\项目\开源库管理\RT-IM-demo\node_modules\koa-mount\index.js:52:32
      at dispatch (C:\项目\开源库管理\RT-IM-demo\node_modules\koa-compose\index.js:42:32)
      at bodyParser (C:\项目\开源库管理\RT-IM-demo\node_modules\koa-bodyparser\index.js:95:11)
      at processTicksAndRejections (internal/process/task_queues.js:93:5)
      at C:\项目\开源库管理\RT-IM-demo\server\exception\index.ts:15:5 {
    name: 'TokenExpiredError',
    message: 'jwt expired',
    expiredAt: 2020-12-24T06:57:08.000Z
  }
}
[2020-12-24T15:14:38.969] [ERROR] application - UnauthorizedError: Authentication Error
    at Object.throw (C:\项目\开源库管理\RT-IM-demo\node_modules\koa\lib\context.js:97:11)
    at jwt (C:\项目\开源库管理\RT-IM-demo\node_modules\koa-jwt\lib\index.js:66:26)
    at processTicksAndRejections (internal/process/task_queues.js:93:5) {
  message: 'Authentication Error',
  originalError: TokenExpiredError: jwt expired
      at C:\项目\开源库管理\RT-IM-demo\node_modules\jsonwebtoken\verify.js:152:21
      at getSecret (C:\项目\开源库管理\RT-IM-demo\node_modules\jsonwebtoken\verify.js:90:14)
      at Object.module.exports [as verify] (C:\项目\开源库管理\RT-IM-demo\node_modules\jsonwebtoken\verify.js:94:10)
      at C:\项目\开源库管理\RT-IM-demo\node_modules\koa-jwt\lib\verify.js:5:23
      at new Promise (<anonymous>)
      at module.exports (C:\项目\开源库管理\RT-IM-demo\node_modules\koa-jwt\lib\verify.js:4:12)
      at C:\项目\开源库管理\RT-IM-demo\node_modules\koa-jwt\lib\index.js:38:64
      at Array.map (<anonymous>)
      at jwt (C:\项目\开源库管理\RT-IM-demo\node_modules\koa-jwt\lib\index.js:38:43)
      at C:\项目\开源库管理\RT-IM-demo\node_modules\koa-unless\index.js:29:12
      at dispatch (C:\项目\开源库管理\RT-IM-demo\node_modules\koa-compose\index.js:42:32)
      at C:\项目\开源库管理\RT-IM-demo\node_modules\koa-mount\index.js:52:32
      at dispatch (C:\项目\开源库管理\RT-IM-demo\node_modules\koa-compose\index.js:42:32)
      at bodyParser (C:\项目\开源库管理\RT-IM-demo\node_modules\koa-bodyparser\index.js:95:11)
      at processTicksAndRejections (internal/process/task_queues.js:93:5)
      at C:\项目\开源库管理\RT-IM-demo\server\exception\index.ts:15:5 {
    name: 'TokenExpiredError',
    message: 'jwt expired',
    expiredAt: 2020-12-24T06:57:08.000Z
  }
}
[2020-12-24T15:14:42.582] [ERROR] application - TokenExpiredError: jwt expired
    at C:\项目\开源库管理\RT-IM-demo\node_modules\jsonwebtoken\verify.js:152:21
    at getSecret (C:\项目\开源库管理\RT-IM-demo\node_modules\jsonwebtoken\verify.js:90:14)
    at Object.module.exports [as verify] (C:\项目\开源库管理\RT-IM-demo\node_modules\jsonwebtoken\verify.js:94:10)
    at C:\项目\开源库管理\RT-IM-demo\server\routes\user.ts:36:23
    at dispatch (C:\项目\开源库管理\RT-IM-demo\node_modules\koa-compose\index.js:42:32)
    at C:\项目\开源库管理\RT-IM-demo\node_modules\koa-router\lib\router.js:372:16
    at dispatch (C:\项目\开源库管理\RT-IM-demo\node_modules\koa-compose\index.js:42:32)
    at C:\项目\开源库管理\RT-IM-demo\node_modules\koa-compose\index.js:34:12
    at dispatch (C:\项目\开源库管理\RT-IM-demo\node_modules\koa-router\lib\router.js:377:31)
    at dispatch (C:\项目\开源库管理\RT-IM-demo\node_modules\koa-compose\index.js:42:32)
    at C:\项目\开源库管理\RT-IM-demo\node_modules\koa-unless\index.js:26:14
    at dispatch (C:\项目\开源库管理\RT-IM-demo\node_modules\koa-compose\index.js:42:32)
    at C:\项目\开源库管理\RT-IM-demo\node_modules\koa-mount\index.js:52:32
    at dispatch (C:\项目\开源库管理\RT-IM-demo\node_modules\koa-compose\index.js:42:32)
    at bodyParser (C:\项目\开源库管理\RT-IM-demo\node_modules\koa-bodyparser\index.js:95:11)
    at processTicksAndRejections (internal/process/task_queues.js:93:5) {
  name: 'TokenExpiredError',
  message: 'jwt expired',
  expiredAt: 2020-12-24T06:42:05.000Z
}
