[2020-12-22T12:50:47.973] [ERROR] application - UnauthorizedError: Authentication Error
    at Object.throw (C:\项目\开源库管理\RT-IM-demo\node_modules\koa\lib\context.js:97:11)
    at jwt (C:\项目\开源库管理\RT-IM-demo\node_modules\koa-jwt\lib\index.js:23:22)
    at C:\项目\开源库管理\RT-IM-demo\node_modules\koa-unless\index.js:29:12
    at dispatch (C:\项目\开源库管理\RT-IM-demo\node_modules\koa-compose\index.js:42:32)
    at C:\项目\开源库管理\RT-IM-demo\node_modules\koa-mount\index.js:52:32
    at dispatch (C:\项目\开源库管理\RT-IM-demo\node_modules\koa-compose\index.js:42:32)
    at bodyParser (C:\项目\开源库管理\RT-IM-demo\node_modules\koa-bodyparser\index.js:95:11)
    at processTicksAndRejections (internal/process/task_queues.js:93:5)
    at C:\项目\开源库管理\RT-IM-demo\server\exception\index.ts:15:5 {
  message: 'Authentication Error'
}
[2020-12-22T12:50:53.584] [ERROR] application - UnauthorizedError: Authentication Error
    at Object.throw (C:\项目\开源库管理\RT-IM-demo\node_modules\koa\lib\context.js:97:11)
    at jwt (C:\项目\开源库管理\RT-IM-demo\node_modules\koa-jwt\lib\index.js:23:22)
    at C:\项目\开源库管理\RT-IM-demo\node_modules\koa-unless\index.js:29:12
    at dispatch (C:\项目\开源库管理\RT-IM-demo\node_modules\koa-compose\index.js:42:32)
    at C:\项目\开源库管理\RT-IM-demo\node_modules\koa-mount\index.js:52:32
    at dispatch (C:\项目\开源库管理\RT-IM-demo\node_modules\koa-compose\index.js:42:32)
    at bodyParser (C:\项目\开源库管理\RT-IM-demo\node_modules\koa-bodyparser\index.js:95:11)
    at processTicksAndRejections (internal/process/task_queues.js:93:5)
    at C:\项目\开源库管理\RT-IM-demo\server\exception\index.ts:15:5 {
  message: 'Authentication Error'
}
[2020-12-22T12:50:59.587] [ERROR] application - UnauthorizedError: Authentication Error
    at Object.throw (C:\项目\开源库管理\RT-IM-demo\node_modules\koa\lib\context.js:97:11)
    at jwt (C:\项目\开源库管理\RT-IM-demo\node_modules\koa-jwt\lib\index.js:23:22)
    at C:\项目\开源库管理\RT-IM-demo\node_modules\koa-unless\index.js:29:12
    at dispatch (C:\项目\开源库管理\RT-IM-demo\node_modules\koa-compose\index.js:42:32)
    at C:\项目\开源库管理\RT-IM-demo\node_modules\koa-mount\index.js:52:32
    at dispatch (C:\项目\开源库管理\RT-IM-demo\node_modules\koa-compose\index.js:42:32)
    at bodyParser (C:\项目\开源库管理\RT-IM-demo\node_modules\koa-bodyparser\index.js:95:11)
    at processTicksAndRejections (internal/process/task_queues.js:93:5)
    at C:\项目\开源库管理\RT-IM-demo\server\exception\index.ts:15:5 {
  message: 'Authentication Error'
}
[2020-12-22T12:51:05.588] [ERROR] application - UnauthorizedError: Authentication Error
    at Object.throw (C:\项目\开源库管理\RT-IM-demo\node_modules\koa\lib\context.js:97:11)
    at jwt (C:\项目\开源库管理\RT-IM-demo\node_modules\koa-jwt\lib\index.js:23:22)
    at C:\项目\开源库管理\RT-IM-demo\node_modules\koa-unless\index.js:29:12
    at dispatch (C:\项目\开源库管理\RT-IM-demo\node_modules\koa-compose\index.js:42:32)
    at C:\项目\开源库管理\RT-IM-demo\node_modules\koa-mount\index.js:52:32
    at dispatch (C:\项目\开源库管理\RT-IM-demo\node_modules\koa-compose\index.js:42:32)
    at bodyParser (C:\项目\开源库管理\RT-IM-demo\node_modules\koa-bodyparser\index.js:95:11)
    at processTicksAndRejections (internal/process/task_queues.js:93:5)
    at C:\项目\开源库管理\RT-IM-demo\server\exception\index.ts:15:5 {
  message: 'Authentication Error'
}
[2020-12-22T12:51:11.583] [ERROR] application - UnauthorizedError: Authentication Error
    at Object.throw (C:\项目\开源库管理\RT-IM-demo\node_modules\koa\lib\context.js:97:11)
    at jwt (C:\项目\开源库管理\RT-IM-demo\node_modules\koa-jwt\lib\index.js:23:22)
    at C:\项目\开源库管理\RT-IM-demo\node_modules\koa-unless\index.js:29:12
    at dispatch (C:\项目\开源库管理\RT-IM-demo\node_modules\koa-compose\index.js:42:32)
    at C:\项目\开源库管理\RT-IM-demo\node_modules\koa-mount\index.js:52:32
    at dispatch (C:\项目\开源库管理\RT-IM-demo\node_modules\koa-compose\index.js:42:32)
    at bodyParser (C:\项目\开源库管理\RT-IM-demo\node_modules\koa-bodyparser\index.js:95:11)
    at processTicksAndRejections (internal/process/task_queues.js:93:5)
    at C:\项目\开源库管理\RT-IM-demo\server\exception\index.ts:15:5 {
  message: 'Authentication Error'
}
[2020-12-22T12:51:17.584] [ERROR] application - UnauthorizedError: Authentication Error
    at Object.throw (C:\项目\开源库管理\RT-IM-demo\node_modules\koa\lib\context.js:97:11)
    at jwt (C:\项目\开源库管理\RT-IM-demo\node_modules\koa-jwt\lib\index.js:23:22)
    at C:\项目\开源库管理\RT-IM-demo\node_modules\koa-unless\index.js:29:12
    at dispatch (C:\项目\开源库管理\RT-IM-demo\node_modules\koa-compose\index.js:42:32)
    at C:\项目\开源库管理\RT-IM-demo\node_modules\koa-mount\index.js:52:32
    at dispatch (C:\项目\开源库管理\RT-IM-demo\node_modules\koa-compose\index.js:42:32)
    at bodyParser (C:\项目\开源库管理\RT-IM-demo\node_modules\koa-bodyparser\index.js:95:11)
    at processTicksAndRejections (internal/process/task_queues.js:93:5)
    at C:\项目\开源库管理\RT-IM-demo\server\exception\index.ts:15:5 {
  message: 'Authentication Error'
}
[2020-12-22T12:51:23.635] [ERROR] application - UnauthorizedError: Authentication Error
    at Object.throw (C:\项目\开源库管理\RT-IM-demo\node_modules\koa\lib\context.js:97:11)
    at jwt (C:\项目\开源库管理\RT-IM-demo\node_modules\koa-jwt\lib\index.js:23:22)
    at C:\项目\开源库管理\RT-IM-demo\node_modules\koa-unless\index.js:29:12
    at dispatch (C:\项目\开源库管理\RT-IM-demo\node_modules\koa-compose\index.js:42:32)
    at C:\项目\开源库管理\RT-IM-demo\node_modules\koa-mount\index.js:52:32
    at dispatch (C:\项目\开源库管理\RT-IM-demo\node_modules\koa-compose\index.js:42:32)
    at bodyParser (C:\项目\开源库管理\RT-IM-demo\node_modules\koa-bodyparser\index.js:95:11)
    at processTicksAndRejections (internal/process/task_queues.js:93:5)
    at C:\项目\开源库管理\RT-IM-demo\server\exception\index.ts:15:5 {
  message: 'Authentication Error'
}
[2020-12-22T12:51:29.584] [ERROR] application - UnauthorizedError: Authentication Error
    at Object.throw (C:\项目\开源库管理\RT-IM-demo\node_modules\koa\lib\context.js:97:11)
    at jwt (C:\项目\开源库管理\RT-IM-demo\node_modules\koa-jwt\lib\index.js:23:22)
    at C:\项目\开源库管理\RT-IM-demo\node_modules\koa-unless\index.js:29:12
    at dispatch (C:\项目\开源库管理\RT-IM-demo\node_modules\koa-compose\index.js:42:32)
    at C:\项目\开源库管理\RT-IM-demo\node_modules\koa-mount\index.js:52:32
    at dispatch (C:\项目\开源库管理\RT-IM-demo\node_modules\koa-compose\index.js:42:32)
    at bodyParser (C:\项目\开源库管理\RT-IM-demo\node_modules\koa-bodyparser\index.js:95:11)
    at processTicksAndRejections (internal/process/task_queues.js:93:5)
    at C:\项目\开源库管理\RT-IM-demo\server\exception\index.ts:15:5 {
  message: 'Authentication Error'
}
[2020-12-22T12:51:35.584] [ERROR] application - UnauthorizedError: Authentication Error
    at Object.throw (C:\项目\开源库管理\RT-IM-demo\node_modules\koa\lib\context.js:97:11)
    at jwt (C:\项目\开源库管理\RT-IM-demo\node_modules\koa-jwt\lib\index.js:23:22)
    at C:\项目\开源库管理\RT-IM-demo\node_modules\koa-unless\index.js:29:12
    at dispatch (C:\项目\开源库管理\RT-IM-demo\node_modules\koa-compose\index.js:42:32)
    at C:\项目\开源库管理\RT-IM-demo\node_modules\koa-mount\index.js:52:32
    at dispatch (C:\项目\开源库管理\RT-IM-demo\node_modules\koa-compose\index.js:42:32)
    at bodyParser (C:\项目\开源库管理\RT-IM-demo\node_modules\koa-bodyparser\index.js:95:11)
    at processTicksAndRejections (internal/process/task_queues.js:93:5)
    at C:\项目\开源库管理\RT-IM-demo\server\exception\index.ts:15:5 {
  message: 'Authentication Error'
}
[2020-12-22T12:51:41.592] [ERROR] application - UnauthorizedError: Authentication Error
    at Object.throw (C:\项目\开源库管理\RT-IM-demo\node_modules\koa\lib\context.js:97:11)
    at jwt (C:\项目\开源库管理\RT-IM-demo\node_modules\koa-jwt\lib\index.js:23:22)
    at C:\项目\开源库管理\RT-IM-demo\node_modules\koa-unless\index.js:29:12
    at dispatch (C:\项目\开源库管理\RT-IM-demo\node_modules\koa-compose\index.js:42:32)
    at C:\项目\开源库管理\RT-IM-demo\node_modules\koa-mount\index.js:52:32
    at dispatch (C:\项目\开源库管理\RT-IM-demo\node_modules\koa-compose\index.js:42:32)
    at bodyParser (C:\项目\开源库管理\RT-IM-demo\node_modules\koa-bodyparser\index.js:95:11)
    at processTicksAndRejections (internal/process/task_queues.js:93:5)
    at C:\项目\开源库管理\RT-IM-demo\server\exception\index.ts:15:5 {
  message: 'Authentication Error'
}
[2020-12-22T12:51:47.584] [ERROR] application - UnauthorizedError: Authentication Error
    at Object.throw (C:\项目\开源库管理\RT-IM-demo\node_modules\koa\lib\context.js:97:11)
    at jwt (C:\项目\开源库管理\RT-IM-demo\node_modules\koa-jwt\lib\index.js:23:22)
    at C:\项目\开源库管理\RT-IM-demo\node_modules\koa-unless\index.js:29:12
    at dispatch (C:\项目\开源库管理\RT-IM-demo\node_modules\koa-compose\index.js:42:32)
    at C:\项目\开源库管理\RT-IM-demo\node_modules\koa-mount\index.js:52:32
    at dispatch (C:\项目\开源库管理\RT-IM-demo\node_modules\koa-compose\index.js:42:32)
    at bodyParser (C:\项目\开源库管理\RT-IM-demo\node_modules\koa-bodyparser\index.js:95:11)
    at processTicksAndRejections (internal/process/task_queues.js:93:5)
    at C:\项目\开源库管理\RT-IM-demo\server\exception\index.ts:15:5 {
  message: 'Authentication Error'
}
[2020-12-22T12:51:53.583] [ERROR] application - UnauthorizedError: Authentication Error
    at Object.throw (C:\项目\开源库管理\RT-IM-demo\node_modules\koa\lib\context.js:97:11)
    at jwt (C:\项目\开源库管理\RT-IM-demo\node_modules\koa-jwt\lib\index.js:23:22)
    at C:\项目\开源库管理\RT-IM-demo\node_modules\koa-unless\index.js:29:12
    at dispatch (C:\项目\开源库管理\RT-IM-demo\node_modules\koa-compose\index.js:42:32)
    at C:\项目\开源库管理\RT-IM-demo\node_modules\koa-mount\index.js:52:32
    at dispatch (C:\项目\开源库管理\RT-IM-demo\node_modules\koa-compose\index.js:42:32)
    at bodyParser (C:\项目\开源库管理\RT-IM-demo\node_modules\koa-bodyparser\index.js:95:11)
    at processTicksAndRejections (internal/process/task_queues.js:93:5)
    at C:\项目\开源库管理\RT-IM-demo\server\exception\index.ts:15:5 {
  message: 'Authentication Error'
}
[2020-12-22T12:51:59.583] [ERROR] application - UnauthorizedError: Authentication Error
    at Object.throw (C:\项目\开源库管理\RT-IM-demo\node_modules\koa\lib\context.js:97:11)
    at jwt (C:\项目\开源库管理\RT-IM-demo\node_modules\koa-jwt\lib\index.js:23:22)
    at C:\项目\开源库管理\RT-IM-demo\node_modules\koa-unless\index.js:29:12
    at dispatch (C:\项目\开源库管理\RT-IM-demo\node_modules\koa-compose\index.js:42:32)
    at C:\项目\开源库管理\RT-IM-demo\node_modules\koa-mount\index.js:52:32
    at dispatch (C:\项目\开源库管理\RT-IM-demo\node_modules\koa-compose\index.js:42:32)
    at bodyParser (C:\项目\开源库管理\RT-IM-demo\node_modules\koa-bodyparser\index.js:95:11)
    at processTicksAndRejections (internal/process/task_queues.js:93:5)
    at C:\项目\开源库管理\RT-IM-demo\server\exception\index.ts:15:5 {
  message: 'Authentication Error'
}
[2020-12-22T12:52:05.584] [ERROR] application - UnauthorizedError: Authentication Error
    at Object.throw (C:\项目\开源库管理\RT-IM-demo\node_modules\koa\lib\context.js:97:11)
    at jwt (C:\项目\开源库管理\RT-IM-demo\node_modules\koa-jwt\lib\index.js:23:22)
    at C:\项目\开源库管理\RT-IM-demo\node_modules\koa-unless\index.js:29:12
    at dispatch (C:\项目\开源库管理\RT-IM-demo\node_modules\koa-compose\index.js:42:32)
    at C:\项目\开源库管理\RT-IM-demo\node_modules\koa-mount\index.js:52:32
    at dispatch (C:\项目\开源库管理\RT-IM-demo\node_modules\koa-compose\index.js:42:32)
    at bodyParser (C:\项目\开源库管理\RT-IM-demo\node_modules\koa-bodyparser\index.js:95:11)
    at processTicksAndRejections (internal/process/task_queues.js:93:5)
    at C:\项目\开源库管理\RT-IM-demo\server\exception\index.ts:15:5 {
  message: 'Authentication Error'
}
[2020-12-22T13:16:32.680] [ERROR] application - UnauthorizedError: Authentication Error
    at Object.throw (C:\项目\开源库管理\RT-IM-demo\node_modules\koa\lib\context.js:97:11)
    at jwt (C:\项目\开源库管理\RT-IM-demo\node_modules\koa-jwt\lib\index.js:23:22)
    at C:\项目\开源库管理\RT-IM-demo\node_modules\koa-unless\index.js:29:12
    at dispatch (C:\项目\开源库管理\RT-IM-demo\node_modules\koa-compose\index.js:42:32)
    at C:\项目\开源库管理\RT-IM-demo\node_modules\koa-mount\index.js:52:32
    at dispatch (C:\项目\开源库管理\RT-IM-demo\node_modules\koa-compose\index.js:42:32)
    at bodyParser (C:\项目\开源库管理\RT-IM-demo\node_modules\koa-bodyparser\index.js:95:11)
    at processTicksAndRejections (internal/process/task_queues.js:93:5)
    at C:\项目\开源库管理\RT-IM-demo\server\exception\index.ts:15:5 {
  message: 'Authentication Error'
}
[2020-12-22T13:22:42.484] [ERROR] application - UnauthorizedError: Authentication Error
    at Object.throw (C:\项目\开源库管理\RT-IM-demo\node_modules\koa\lib\context.js:97:11)
    at jwt (C:\项目\开源库管理\RT-IM-demo\node_modules\koa-jwt\lib\index.js:23:22)
    at C:\项目\开源库管理\RT-IM-demo\node_modules\koa-unless\index.js:29:12
    at dispatch (C:\项目\开源库管理\RT-IM-demo\node_modules\koa-compose\index.js:42:32)
    at C:\项目\开源库管理\RT-IM-demo\node_modules\koa-mount\index.js:52:32
    at dispatch (C:\项目\开源库管理\RT-IM-demo\node_modules\koa-compose\index.js:42:32)
    at bodyParser (C:\项目\开源库管理\RT-IM-demo\node_modules\koa-bodyparser\index.js:95:11)
    at processTicksAndRejections (internal/process/task_queues.js:93:5)
    at C:\项目\开源库管理\RT-IM-demo\server\exception\index.ts:15:5 {
  message: 'Authentication Error'
}
[2020-12-22T13:22:44.395] [ERROR] application - UnauthorizedError: Authentication Error
    at Object.throw (C:\项目\开源库管理\RT-IM-demo\node_modules\koa\lib\context.js:97:11)
    at jwt (C:\项目\开源库管理\RT-IM-demo\node_modules\koa-jwt\lib\index.js:23:22)
    at C:\项目\开源库管理\RT-IM-demo\node_modules\koa-unless\index.js:29:12
    at dispatch (C:\项目\开源库管理\RT-IM-demo\node_modules\koa-compose\index.js:42:32)
    at C:\项目\开源库管理\RT-IM-demo\node_modules\koa-mount\index.js:52:32
    at dispatch (C:\项目\开源库管理\RT-IM-demo\node_modules\koa-compose\index.js:42:32)
    at bodyParser (C:\项目\开源库管理\RT-IM-demo\node_modules\koa-bodyparser\index.js:95:11)
    at processTicksAndRejections (internal/process/task_queues.js:93:5)
    at C:\项目\开源库管理\RT-IM-demo\server\exception\index.ts:15:5 {
  message: 'Authentication Error'
}
